2025-09-27 16:59:26,161 - INFO - Training fold 1/5...
2025-09-27 16:59:26,215 - INFO - [0]	train-rmse:0.48095	valid-rmse:0.48208
2025-09-27 16:59:26,385 - INFO - [50]	train-rmse:0.47731	valid-rmse:0.48069
2025-09-27 16:59:26,571 - INFO - [100]	train-rmse:0.47457	valid-rmse:0.47990
2025-09-27 16:59:26,752 - INFO - [150]	train-rmse:0.47230	valid-rmse:0.47953
2025-09-27 16:59:26,926 - INFO - [200]	train-rmse:0.47033	valid-rmse:0.47926
2025-09-27 16:59:27,107 - INFO - [250]	train-rmse:0.46842	valid-rmse:0.47907
2025-09-27 16:59:27,262 - INFO - [300]	train-rmse:0.46668	valid-rmse:0.47905
2025-09-27 16:59:27,421 - INFO - [350]	train-rmse:0.46509	valid-rmse:0.47904
2025-09-27 16:59:27,535 - INFO - [387]	train-rmse:0.46402	valid-rmse:0.47911
2025-09-27 16:59:27,607 - INFO - Training fold 2/5...
2025-09-27 16:59:27,657 - INFO - [0]	train-rmse:0.48100	valid-rmse:0.48186
2025-09-27 16:59:27,858 - INFO - [50]	train-rmse:0.47736	valid-rmse:0.48045
2025-09-27 16:59:28,026 - INFO - [100]	train-rmse:0.47462	valid-rmse:0.47971
2025-09-27 16:59:28,291 - INFO - [150]	train-rmse:0.47237	valid-rmse:0.47932
2025-09-27 16:59:28,444 - INFO - [200]	train-rmse:0.47032	valid-rmse:0.47914
2025-09-27 16:59:28,591 - INFO - [250]	train-rmse:0.46853	valid-rmse:0.47904
2025-09-27 16:59:28,712 - INFO - [290]	train-rmse:0.46726	valid-rmse:0.47904
2025-09-27 16:59:28,769 - INFO - Training fold 3/5...
2025-09-27 16:59:28,825 - INFO - [0]	train-rmse:0.48106	valid-rmse:0.48164
2025-09-27 16:59:28,968 - INFO - [50]	train-rmse:0.47746	valid-rmse:0.47998
2025-09-27 16:59:29,095 - INFO - [100]	train-rmse:0.47472	valid-rmse:0.47908
2025-09-27 16:59:29,239 - INFO - [150]	train-rmse:0.47253	valid-rmse:0.47851
2025-09-27 16:59:29,371 - INFO - [200]	train-rmse:0.47049	valid-rmse:0.47817
2025-09-27 16:59:29,495 - INFO - [250]	train-rmse:0.46865	valid-rmse:0.47795
2025-09-27 16:59:29,614 - INFO - [300]	train-rmse:0.46699	valid-rmse:0.47785
2025-09-27 16:59:29,727 - INFO - [350]	train-rmse:0.46541	valid-rmse:0.47781
2025-09-27 16:59:29,847 - INFO - [400]	train-rmse:0.46395	valid-rmse:0.47775
2025-09-27 16:59:29,966 - INFO - [450]	train-rmse:0.46248	valid-rmse:0.47779
2025-09-27 16:59:29,989 - INFO - [459]	train-rmse:0.46221	valid-rmse:0.47782
2025-09-27 16:59:30,062 - INFO - Training fold 4/5...
2025-09-27 16:59:30,134 - INFO - [0]	train-rmse:0.48130	valid-rmse:0.48068
2025-09-27 16:59:30,298 - INFO - [50]	train-rmse:0.47774	valid-rmse:0.47913
2025-09-27 16:59:30,426 - INFO - [100]	train-rmse:0.47505	valid-rmse:0.47827
2025-09-27 16:59:30,565 - INFO - [150]	train-rmse:0.47280	valid-rmse:0.47775
2025-09-27 16:59:30,716 - INFO - [200]	train-rmse:0.47080	valid-rmse:0.47745
2025-09-27 16:59:30,857 - INFO - [250]	train-rmse:0.46892	valid-rmse:0.47730
2025-09-27 16:59:30,980 - INFO - [300]	train-rmse:0.46727	valid-rmse:0.47716
2025-09-27 16:59:31,101 - INFO - [350]	train-rmse:0.46568	valid-rmse:0.47709
2025-09-27 16:59:31,230 - INFO - [400]	train-rmse:0.46413	valid-rmse:0.47702
2025-09-27 16:59:31,386 - INFO - [446]	train-rmse:0.46286	valid-rmse:0.47706
2025-09-27 16:59:31,462 - INFO - Training fold 5/5...
2025-09-27 16:59:31,514 - INFO - [0]	train-rmse:0.48153	valid-rmse:0.47981
2025-09-27 16:59:31,651 - INFO - [50]	train-rmse:0.47789	valid-rmse:0.47834
2025-09-27 16:59:31,777 - INFO - [100]	train-rmse:0.47511	valid-rmse:0.47756
2025-09-27 16:59:31,905 - INFO - [150]	train-rmse:0.47287	valid-rmse:0.47720
2025-09-27 16:59:32,049 - INFO - [200]	train-rmse:0.47084	valid-rmse:0.47704
2025-09-27 16:59:32,185 - INFO - [250]	train-rmse:0.46903	valid-rmse:0.47699
2025-09-27 16:59:32,298 - INFO - [300]	train-rmse:0.46736	valid-rmse:0.47691
2025-09-27 16:59:32,486 - INFO - [350]	train-rmse:0.46579	valid-rmse:0.47691
2025-09-27 16:59:32,600 - INFO - [400]	train-rmse:0.46426	valid-rmse:0.47688
2025-09-27 16:59:32,706 - INFO - [450]	train-rmse:0.46278	valid-rmse:0.47693
2025-09-27 16:59:32,711 - INFO - [452]	train-rmse:0.46272	valid-rmse:0.47692
2025-09-27 16:59:32,786 - INFO - XGBoost CV RMSE:
2025-09-27 16:59:32,786 - INFO - 0.4779903760735107
2025-09-27 16:59:32,786 - INFO - Training RandomForest on full data...
2025-09-27 16:59:49,305 - INFO - Predictions saved to song-dataset/xgboost-ensemble.csv
2025-09-27 16:59:49,307 - INFO - Hyperparameters saved to song-dataset/xgboost-ensemble-params.txt
