2025-09-27 17:22:26,483 - INFO - Training fold 1/5...
2025-09-27 17:22:26,511 - INFO - [0]	train-rmse:0.48096	valid-rmse:0.48211
2025-09-27 17:22:26,576 - INFO - [50]	train-rmse:0.47734	valid-rmse:0.48073
2025-09-27 17:22:26,633 - INFO - [100]	train-rmse:0.47460	valid-rmse:0.47999
2025-09-27 17:22:26,690 - INFO - [150]	train-rmse:0.47226	valid-rmse:0.47954
2025-09-27 17:22:26,742 - INFO - [200]	train-rmse:0.47024	valid-rmse:0.47929
2025-09-27 17:22:26,799 - INFO - [250]	train-rmse:0.46844	valid-rmse:0.47908
2025-09-27 17:22:26,864 - INFO - [300]	train-rmse:0.46674	valid-rmse:0.47899
2025-09-27 17:22:26,942 - INFO - [350]	train-rmse:0.46508	valid-rmse:0.47896
2025-09-27 17:22:26,967 - INFO - [369]	train-rmse:0.46450	valid-rmse:0.47893
2025-09-27 17:22:26,997 - INFO - Training fold 2/5...
2025-09-27 17:22:27,024 - INFO - [0]	train-rmse:0.48102	valid-rmse:0.48186
2025-09-27 17:22:27,085 - INFO - [50]	train-rmse:0.47735	valid-rmse:0.48041
2025-09-27 17:22:27,143 - INFO - [100]	train-rmse:0.47464	valid-rmse:0.47968
2025-09-27 17:22:27,200 - INFO - [150]	train-rmse:0.47233	valid-rmse:0.47913
2025-09-27 17:22:27,251 - INFO - [200]	train-rmse:0.47033	valid-rmse:0.47901
2025-09-27 17:22:27,306 - INFO - [250]	train-rmse:0.46860	valid-rmse:0.47891
2025-09-27 17:22:27,365 - INFO - [300]	train-rmse:0.46692	valid-rmse:0.47890
2025-09-27 17:22:27,388 - INFO - [318]	train-rmse:0.46632	valid-rmse:0.47890
2025-09-27 17:22:27,411 - INFO - Training fold 3/5...
2025-09-27 17:22:27,437 - INFO - [0]	train-rmse:0.48107	valid-rmse:0.48167
2025-09-27 17:22:27,501 - INFO - [50]	train-rmse:0.47750	valid-rmse:0.48004
2025-09-27 17:22:27,557 - INFO - [100]	train-rmse:0.47481	valid-rmse:0.47911
2025-09-27 17:22:27,608 - INFO - [150]	train-rmse:0.47250	valid-rmse:0.47859
2025-09-27 17:22:27,660 - INFO - [200]	train-rmse:0.47056	valid-rmse:0.47821
2025-09-27 17:22:27,711 - INFO - [250]	train-rmse:0.46874	valid-rmse:0.47799
2025-09-27 17:22:27,761 - INFO - [300]	train-rmse:0.46709	valid-rmse:0.47788
2025-09-27 17:22:27,809 - INFO - [350]	train-rmse:0.46551	valid-rmse:0.47782
2025-09-27 17:22:27,855 - INFO - [398]	train-rmse:0.46404	valid-rmse:0.47784
2025-09-27 17:22:27,882 - INFO - Training fold 4/5...
2025-09-27 17:22:27,904 - INFO - [0]	train-rmse:0.48132	valid-rmse:0.48068
2025-09-27 17:22:27,964 - INFO - [50]	train-rmse:0.47779	valid-rmse:0.47906
2025-09-27 17:22:28,032 - INFO - [100]	train-rmse:0.47506	valid-rmse:0.47813
2025-09-27 17:22:28,119 - INFO - [150]	train-rmse:0.47274	valid-rmse:0.47759
2025-09-27 17:22:28,197 - INFO - [200]	train-rmse:0.47073	valid-rmse:0.47724
2025-09-27 17:22:28,250 - INFO - [250]	train-rmse:0.46889	valid-rmse:0.47707
2025-09-27 17:22:28,308 - INFO - [300]	train-rmse:0.46725	valid-rmse:0.47696
2025-09-27 17:22:28,363 - INFO - [350]	train-rmse:0.46566	valid-rmse:0.47698
2025-09-27 17:22:28,386 - INFO - [371]	train-rmse:0.46503	valid-rmse:0.47697
2025-09-27 17:22:28,412 - INFO - Training fold 5/5...
2025-09-27 17:22:28,435 - INFO - [0]	train-rmse:0.48153	valid-rmse:0.47982
2025-09-27 17:22:28,488 - INFO - [50]	train-rmse:0.47792	valid-rmse:0.47834
2025-09-27 17:22:28,544 - INFO - [100]	train-rmse:0.47511	valid-rmse:0.47757
2025-09-27 17:22:28,596 - INFO - [150]	train-rmse:0.47289	valid-rmse:0.47720
2025-09-27 17:22:28,647 - INFO - [200]	train-rmse:0.47094	valid-rmse:0.47705
2025-09-27 17:22:28,695 - INFO - [250]	train-rmse:0.46915	valid-rmse:0.47702
2025-09-27 17:22:28,746 - INFO - [300]	train-rmse:0.46748	valid-rmse:0.47694
2025-09-27 17:22:28,795 - INFO - [350]	train-rmse:0.46586	valid-rmse:0.47692
2025-09-27 17:22:28,804 - INFO - [357]	train-rmse:0.46565	valid-rmse:0.47694
2025-09-27 17:22:28,829 - INFO - Training fold 1/5...
2025-09-27 17:22:28,854 - INFO - [0]	train-rmse:0.48096	valid-rmse:0.48211
2025-09-27 17:22:28,908 - INFO - [50]	train-rmse:0.47736	valid-rmse:0.48070
2025-09-27 17:22:28,962 - INFO - [100]	train-rmse:0.47458	valid-rmse:0.48000
2025-09-27 17:22:29,016 - INFO - [150]	train-rmse:0.47230	valid-rmse:0.47964
2025-09-27 17:22:29,162 - INFO - [200]	train-rmse:0.47027	valid-rmse:0.47942
2025-09-27 17:22:29,254 - INFO - [250]	train-rmse:0.46840	valid-rmse:0.47933
2025-09-27 17:22:29,326 - INFO - [300]	train-rmse:0.46669	valid-rmse:0.47931
2025-09-27 17:22:29,398 - INFO - [350]	train-rmse:0.46512	valid-rmse:0.47925
2025-09-27 17:22:29,465 - INFO - [400]	train-rmse:0.46359	valid-rmse:0.47930
2025-09-27 17:22:29,486 - INFO - [415]	train-rmse:0.46314	valid-rmse:0.47929
2025-09-27 17:22:29,520 - INFO - Training fold 2/5...
2025-09-27 17:22:29,551 - INFO - [0]	train-rmse:0.48102	valid-rmse:0.48185
2025-09-27 17:22:29,620 - INFO - [50]	train-rmse:0.47730	valid-rmse:0.48044
2025-09-27 17:22:29,682 - INFO - [100]	train-rmse:0.47457	valid-rmse:0.47965
2025-09-27 17:22:29,741 - INFO - [150]	train-rmse:0.47232	valid-rmse:0.47924
2025-09-27 17:22:29,793 - INFO - [200]	train-rmse:0.47032	valid-rmse:0.47909
2025-09-27 17:22:29,843 - INFO - [250]	train-rmse:0.46846	valid-rmse:0.47909
2025-09-27 17:22:29,861 - INFO - [265]	train-rmse:0.46800	valid-rmse:0.47910
2025-09-27 17:22:29,882 - INFO - Training fold 3/5...
2025-09-27 17:22:29,906 - INFO - [0]	train-rmse:0.48106	valid-rmse:0.48168
2025-09-27 17:22:29,970 - INFO - [50]	train-rmse:0.47750	valid-rmse:0.47995
2025-09-27 17:22:30,046 - INFO - [100]	train-rmse:0.47480	valid-rmse:0.47892
2025-09-27 17:22:30,107 - INFO - [150]	train-rmse:0.47260	valid-rmse:0.47841
2025-09-27 17:22:30,170 - INFO - [200]	train-rmse:0.47056	valid-rmse:0.47801
2025-09-27 17:22:30,236 - INFO - [250]	train-rmse:0.46873	valid-rmse:0.47775
2025-09-27 17:22:30,356 - INFO - [300]	train-rmse:0.46700	valid-rmse:0.47765
2025-09-27 17:22:30,422 - INFO - [350]	train-rmse:0.46538	valid-rmse:0.47762
2025-09-27 17:22:30,486 - INFO - [400]	train-rmse:0.46394	valid-rmse:0.47759
2025-09-27 17:22:30,524 - INFO - [429]	train-rmse:0.46310	valid-rmse:0.47765
2025-09-27 17:22:30,560 - INFO - Training fold 4/5...
2025-09-27 17:22:30,586 - INFO - [0]	train-rmse:0.48131	valid-rmse:0.48068
2025-09-27 17:22:30,649 - INFO - [50]	train-rmse:0.47776	valid-rmse:0.47905
2025-09-27 17:22:30,713 - INFO - [100]	train-rmse:0.47502	valid-rmse:0.47815
2025-09-27 17:22:30,771 - INFO - [150]	train-rmse:0.47277	valid-rmse:0.47766
2025-09-27 17:22:30,834 - INFO - [200]	train-rmse:0.47076	valid-rmse:0.47735
2025-09-27 17:22:30,892 - INFO - [250]	train-rmse:0.46897	valid-rmse:0.47716
2025-09-27 17:22:30,947 - INFO - [300]	train-rmse:0.46728	valid-rmse:0.47703
2025-09-27 17:22:31,014 - INFO - [350]	train-rmse:0.46569	valid-rmse:0.47703
2025-09-27 17:22:31,035 - INFO - [365]	train-rmse:0.46523	valid-rmse:0.47701
2025-09-27 17:22:31,061 - INFO - Training fold 5/5...
2025-09-27 17:22:31,088 - INFO - [0]	train-rmse:0.48153	valid-rmse:0.47981
2025-09-27 17:22:31,165 - INFO - [50]	train-rmse:0.47788	valid-rmse:0.47842
2025-09-27 17:22:31,238 - INFO - [100]	train-rmse:0.47513	valid-rmse:0.47778
2025-09-27 17:22:31,342 - INFO - [150]	train-rmse:0.47286	valid-rmse:0.47736
2025-09-27 17:22:31,410 - INFO - [200]	train-rmse:0.47081	valid-rmse:0.47718
2025-09-27 17:22:31,476 - INFO - [250]	train-rmse:0.46899	valid-rmse:0.47702
2025-09-27 17:22:31,543 - INFO - [300]	train-rmse:0.46729	valid-rmse:0.47691
2025-09-27 17:22:31,612 - INFO - [350]	train-rmse:0.46569	valid-rmse:0.47690
2025-09-27 17:22:31,652 - INFO - [382]	train-rmse:0.46465	valid-rmse:0.47689
2025-09-27 17:22:31,683 - INFO - Training fold 1/5...
2025-09-27 17:22:31,705 - INFO - [0]	train-rmse:0.48096	valid-rmse:0.48210
2025-09-27 17:22:31,771 - INFO - [50]	train-rmse:0.47727	valid-rmse:0.48072
2025-09-27 17:22:31,833 - INFO - [100]	train-rmse:0.47449	valid-rmse:0.48001
2025-09-27 17:22:31,898 - INFO - [150]	train-rmse:0.47225	valid-rmse:0.47955
2025-09-27 17:22:31,965 - INFO - [200]	train-rmse:0.47020	valid-rmse:0.47937
2025-09-27 17:22:32,028 - INFO - [250]	train-rmse:0.46839	valid-rmse:0.47917
2025-09-27 17:22:32,091 - INFO - [300]	train-rmse:0.46667	valid-rmse:0.47918
2025-09-27 17:22:32,123 - INFO - [326]	train-rmse:0.46583	valid-rmse:0.47922
2025-09-27 17:22:32,147 - INFO - Training fold 2/5...
2025-09-27 17:22:32,171 - INFO - [0]	train-rmse:0.48102	valid-rmse:0.48186
2025-09-27 17:22:32,238 - INFO - [50]	train-rmse:0.47736	valid-rmse:0.48042
2025-09-27 17:22:32,297 - INFO - [100]	train-rmse:0.47462	valid-rmse:0.47968
2025-09-27 17:22:32,357 - INFO - [150]	train-rmse:0.47232	valid-rmse:0.47932
2025-09-27 17:22:32,422 - INFO - [200]	train-rmse:0.47035	valid-rmse:0.47907
2025-09-27 17:22:32,490 - INFO - [250]	train-rmse:0.46857	valid-rmse:0.47894
2025-09-27 17:22:32,603 - INFO - [300]	train-rmse:0.46694	valid-rmse:0.47889
2025-09-27 17:22:32,660 - INFO - [350]	train-rmse:0.46541	valid-rmse:0.47888
2025-09-27 17:22:32,690 - INFO - [371]	train-rmse:0.46481	valid-rmse:0.47891
2025-09-27 17:22:32,722 - INFO - Training fold 3/5...
2025-09-27 17:22:32,743 - INFO - [0]	train-rmse:0.48106	valid-rmse:0.48167
2025-09-27 17:22:32,794 - INFO - [50]	train-rmse:0.47742	valid-rmse:0.47997
2025-09-27 17:22:32,850 - INFO - [100]	train-rmse:0.47479	valid-rmse:0.47909
2025-09-27 17:22:32,904 - INFO - [150]	train-rmse:0.47252	valid-rmse:0.47851
2025-09-27 17:22:32,954 - INFO - [200]	train-rmse:0.47047	valid-rmse:0.47824
2025-09-27 17:22:33,011 - INFO - [250]	train-rmse:0.46864	valid-rmse:0.47808
2025-09-27 17:22:33,071 - INFO - [300]	train-rmse:0.46695	valid-rmse:0.47791
2025-09-27 17:22:33,121 - INFO - [350]	train-rmse:0.46538	valid-rmse:0.47783
2025-09-27 17:22:33,178 - INFO - [400]	train-rmse:0.46386	valid-rmse:0.47781
2025-09-27 17:22:33,228 - INFO - [449]	train-rmse:0.46242	valid-rmse:0.47794
2025-09-27 17:22:33,257 - INFO - Training fold 4/5...
2025-09-27 17:22:33,279 - INFO - [0]	train-rmse:0.48131	valid-rmse:0.48069
2025-09-27 17:22:33,378 - INFO - [50]	train-rmse:0.47776	valid-rmse:0.47915
2025-09-27 17:22:33,428 - INFO - [100]	train-rmse:0.47501	valid-rmse:0.47832
2025-09-27 17:22:33,502 - INFO - [150]	train-rmse:0.47267	valid-rmse:0.47787
2025-09-27 17:22:33,563 - INFO - [200]	train-rmse:0.47067	valid-rmse:0.47759
2025-09-27 17:22:33,627 - INFO - [250]	train-rmse:0.46890	valid-rmse:0.47729
2025-09-27 17:22:33,692 - INFO - [300]	train-rmse:0.46725	valid-rmse:0.47727
2025-09-27 17:22:33,713 - INFO - [318]	train-rmse:0.46668	valid-rmse:0.47725
2025-09-27 17:22:33,739 - INFO - Training fold 5/5...
2025-09-27 17:22:33,762 - INFO - [0]	train-rmse:0.48153	valid-rmse:0.47981
2025-09-27 17:22:33,827 - INFO - [50]	train-rmse:0.47787	valid-rmse:0.47830
2025-09-27 17:22:33,885 - INFO - [100]	train-rmse:0.47517	valid-rmse:0.47757
2025-09-27 17:22:33,946 - INFO - [150]	train-rmse:0.47288	valid-rmse:0.47728
2025-09-27 17:22:34,005 - INFO - [200]	train-rmse:0.47095	valid-rmse:0.47711
2025-09-27 17:22:34,061 - INFO - [250]	train-rmse:0.46914	valid-rmse:0.47700
2025-09-27 17:22:34,121 - INFO - [300]	train-rmse:0.46742	valid-rmse:0.47697
2025-09-27 17:22:34,175 - INFO - [350]	train-rmse:0.46580	valid-rmse:0.47697
2025-09-27 17:22:34,203 - INFO - [378]	train-rmse:0.46497	valid-rmse:0.47698
2025-09-27 17:22:34,231 - INFO - Training fold 1/5...
2025-09-27 17:22:34,254 - INFO - [0]	train-rmse:0.48095	valid-rmse:0.48210
2025-09-27 17:22:34,312 - INFO - [50]	train-rmse:0.47729	valid-rmse:0.48069
2025-09-27 17:22:34,369 - INFO - [100]	train-rmse:0.47459	valid-rmse:0.47994
2025-09-27 17:22:34,431 - INFO - [150]	train-rmse:0.47227	valid-rmse:0.47955
2025-09-27 17:22:34,497 - INFO - [200]	train-rmse:0.47020	valid-rmse:0.47933
2025-09-27 17:22:34,555 - INFO - [250]	train-rmse:0.46834	valid-rmse:0.47925
2025-09-27 17:22:34,620 - INFO - [300]	train-rmse:0.46664	valid-rmse:0.47921
2025-09-27 17:22:34,684 - INFO - [350]	train-rmse:0.46506	valid-rmse:0.47917
2025-09-27 17:22:34,800 - INFO - [400]	train-rmse:0.46347	valid-rmse:0.47916
2025-09-27 17:22:34,841 - INFO - [429]	train-rmse:0.46260	valid-rmse:0.47919
2025-09-27 17:22:34,875 - INFO - Training fold 2/5...
2025-09-27 17:22:34,903 - INFO - [0]	train-rmse:0.48102	valid-rmse:0.48186
2025-09-27 17:22:34,978 - INFO - [50]	train-rmse:0.47732	valid-rmse:0.48047
2025-09-27 17:22:35,042 - INFO - [100]	train-rmse:0.47456	valid-rmse:0.47975
2025-09-27 17:22:35,118 - INFO - [150]	train-rmse:0.47234	valid-rmse:0.47940
2025-09-27 17:22:35,175 - INFO - [200]	train-rmse:0.47037	valid-rmse:0.47924
2025-09-27 17:22:35,238 - INFO - [250]	train-rmse:0.46857	valid-rmse:0.47913
2025-09-27 17:22:35,295 - INFO - [300]	train-rmse:0.46690	valid-rmse:0.47909
2025-09-27 17:22:35,355 - INFO - [350]	train-rmse:0.46535	valid-rmse:0.47906
2025-09-27 17:22:35,402 - INFO - [392]	train-rmse:0.46406	valid-rmse:0.47911
2025-09-27 17:22:35,428 - INFO - Training fold 3/5...
2025-09-27 17:22:35,450 - INFO - [0]	train-rmse:0.48106	valid-rmse:0.48166
2025-09-27 17:22:35,513 - INFO - [50]	train-rmse:0.47749	valid-rmse:0.47988
2025-09-27 17:22:35,579 - INFO - [100]	train-rmse:0.47479	valid-rmse:0.47891
2025-09-27 17:22:35,641 - INFO - [150]	train-rmse:0.47256	valid-rmse:0.47838
2025-09-27 17:22:35,720 - INFO - [200]	train-rmse:0.47060	valid-rmse:0.47806
2025-09-27 17:22:35,779 - INFO - [250]	train-rmse:0.46879	valid-rmse:0.47783
2025-09-27 17:22:35,841 - INFO - [300]	train-rmse:0.46714	valid-rmse:0.47775
2025-09-27 17:22:35,896 - INFO - [350]	train-rmse:0.46553	valid-rmse:0.47772
2025-09-27 17:22:35,951 - INFO - [400]	train-rmse:0.46397	valid-rmse:0.47769
2025-09-27 17:22:35,984 - INFO - [425]	train-rmse:0.46323	valid-rmse:0.47770
2025-09-27 17:22:36,044 - INFO - Training fold 4/5...
2025-09-27 17:22:36,068 - INFO - [0]	train-rmse:0.48131	valid-rmse:0.48067
2025-09-27 17:22:36,126 - INFO - [50]	train-rmse:0.47779	valid-rmse:0.47909
2025-09-27 17:22:36,192 - INFO - [100]	train-rmse:0.47502	valid-rmse:0.47811
2025-09-27 17:22:36,253 - INFO - [150]	train-rmse:0.47275	valid-rmse:0.47768
2025-09-27 17:22:36,320 - INFO - [200]	train-rmse:0.47070	valid-rmse:0.47733
2025-09-27 17:22:36,376 - INFO - [250]	train-rmse:0.46891	valid-rmse:0.47716
2025-09-27 17:22:36,436 - INFO - [300]	train-rmse:0.46725	valid-rmse:0.47706
2025-09-27 17:22:36,500 - INFO - [350]	train-rmse:0.46565	valid-rmse:0.47701
2025-09-27 17:22:36,556 - INFO - [400]	train-rmse:0.46414	valid-rmse:0.47696
2025-09-27 17:22:36,616 - INFO - [450]	train-rmse:0.46266	valid-rmse:0.47693
2025-09-27 17:22:36,674 - INFO - [497]	train-rmse:0.46134	valid-rmse:0.47698
2025-09-27 17:22:36,711 - INFO - Training fold 5/5...
2025-09-27 17:22:36,734 - INFO - [0]	train-rmse:0.48153	valid-rmse:0.47980
2025-09-27 17:22:36,804 - INFO - [50]	train-rmse:0.47787	valid-rmse:0.47833
2025-09-27 17:22:36,866 - INFO - [100]	train-rmse:0.47515	valid-rmse:0.47756
2025-09-27 17:22:36,970 - INFO - [150]	train-rmse:0.47290	valid-rmse:0.47727
2025-09-27 17:22:37,021 - INFO - [200]	train-rmse:0.47085	valid-rmse:0.47705
2025-09-27 17:22:37,077 - INFO - [250]	train-rmse:0.46909	valid-rmse:0.47691
2025-09-27 17:22:37,142 - INFO - [300]	train-rmse:0.46739	valid-rmse:0.47682
2025-09-27 17:22:37,180 - INFO - [339]	train-rmse:0.46615	valid-rmse:0.47685
2025-09-27 17:22:37,204 - INFO - Training fold 1/5...
2025-09-27 17:22:37,228 - INFO - [0]	train-rmse:0.48096	valid-rmse:0.48212
2025-09-27 17:22:37,289 - INFO - [50]	train-rmse:0.47728	valid-rmse:0.48069
2025-09-27 17:22:37,339 - INFO - [100]	train-rmse:0.47456	valid-rmse:0.48008
2025-09-27 17:22:37,390 - INFO - [150]	train-rmse:0.47220	valid-rmse:0.47969
2025-09-27 17:22:37,453 - INFO - [200]	train-rmse:0.47019	valid-rmse:0.47951
2025-09-27 17:22:37,509 - INFO - [250]	train-rmse:0.46827	valid-rmse:0.47935
2025-09-27 17:22:37,578 - INFO - [300]	train-rmse:0.46659	valid-rmse:0.47933
2025-09-27 17:22:37,639 - INFO - [350]	train-rmse:0.46498	valid-rmse:0.47928
2025-09-27 17:22:37,694 - INFO - [397]	train-rmse:0.46349	valid-rmse:0.47931
2025-09-27 17:22:37,727 - INFO - Training fold 2/5...
2025-09-27 17:22:37,753 - INFO - [0]	train-rmse:0.48102	valid-rmse:0.48187
2025-09-27 17:22:37,812 - INFO - [50]	train-rmse:0.47730	valid-rmse:0.48048
2025-09-27 17:22:37,880 - INFO - [100]	train-rmse:0.47461	valid-rmse:0.47972
2025-09-27 17:22:37,950 - INFO - [150]	train-rmse:0.47231	valid-rmse:0.47932
2025-09-27 17:22:38,007 - INFO - [200]	train-rmse:0.47031	valid-rmse:0.47911
2025-09-27 17:22:38,073 - INFO - [250]	train-rmse:0.46851	valid-rmse:0.47900
2025-09-27 17:22:38,128 - INFO - [300]	train-rmse:0.46694	valid-rmse:0.47900
2025-09-27 17:22:38,130 - INFO - [301]	train-rmse:0.46691	valid-rmse:0.47901
2025-09-27 17:22:38,154 - INFO - Training fold 3/5...
2025-09-27 17:22:38,175 - INFO - [0]	train-rmse:0.48107	valid-rmse:0.48167
2025-09-27 17:22:38,238 - INFO - [50]	train-rmse:0.47747	valid-rmse:0.47993
2025-09-27 17:22:38,293 - INFO - [100]	train-rmse:0.47478	valid-rmse:0.47899
2025-09-27 17:22:38,351 - INFO - [150]	train-rmse:0.47251	valid-rmse:0.47840
2025-09-27 17:22:38,407 - INFO - [200]	train-rmse:0.47051	valid-rmse:0.47802
2025-09-27 17:22:38,461 - INFO - [250]	train-rmse:0.46866	valid-rmse:0.47770
2025-09-27 17:22:38,528 - INFO - [300]	train-rmse:0.46695	valid-rmse:0.47754
2025-09-27 17:22:38,594 - INFO - [350]	train-rmse:0.46531	valid-rmse:0.47752
2025-09-27 17:22:38,654 - INFO - [400]	train-rmse:0.46380	valid-rmse:0.47748
2025-09-27 17:22:38,719 - INFO - [450]	train-rmse:0.46240	valid-rmse:0.47751
2025-09-27 17:22:38,757 - INFO - [482]	train-rmse:0.46148	valid-rmse:0.47759
2025-09-27 17:22:38,794 - INFO - Training fold 4/5...
2025-09-27 17:22:38,817 - INFO - [0]	train-rmse:0.48132	valid-rmse:0.48069
2025-09-27 17:22:38,886 - INFO - [50]	train-rmse:0.47776	valid-rmse:0.47910
2025-09-27 17:22:38,945 - INFO - [100]	train-rmse:0.47501	valid-rmse:0.47816
2025-09-27 17:22:39,010 - INFO - [150]	train-rmse:0.47277	valid-rmse:0.47772
2025-09-27 17:22:39,069 - INFO - [200]	train-rmse:0.47069	valid-rmse:0.47738
2025-09-27 17:22:39,185 - INFO - [250]	train-rmse:0.46892	valid-rmse:0.47717
2025-09-27 17:22:39,242 - INFO - [300]	train-rmse:0.46724	valid-rmse:0.47713
2025-09-27 17:22:39,315 - INFO - [350]	train-rmse:0.46568	valid-rmse:0.47705
2025-09-27 17:22:39,375 - INFO - [400]	train-rmse:0.46413	valid-rmse:0.47703
2025-09-27 17:22:39,434 - INFO - [450]	train-rmse:0.46263	valid-rmse:0.47701
2025-09-27 17:22:39,498 - INFO - [500]	train-rmse:0.46127	valid-rmse:0.47708
2025-09-27 17:22:39,501 - INFO - [502]	train-rmse:0.46122	valid-rmse:0.47708
2025-09-27 17:22:39,539 - INFO - Training fold 5/5...
2025-09-27 17:22:39,560 - INFO - [0]	train-rmse:0.48154	valid-rmse:0.47981
2025-09-27 17:22:39,627 - INFO - [50]	train-rmse:0.47786	valid-rmse:0.47834
2025-09-27 17:22:39,689 - INFO - [100]	train-rmse:0.47519	valid-rmse:0.47759
2025-09-27 17:22:39,747 - INFO - [150]	train-rmse:0.47293	valid-rmse:0.47725
2025-09-27 17:22:39,811 - INFO - [200]	train-rmse:0.47091	valid-rmse:0.47706
2025-09-27 17:22:39,871 - INFO - [250]	train-rmse:0.46907	valid-rmse:0.47695
2025-09-27 17:22:39,946 - INFO - [300]	train-rmse:0.46739	valid-rmse:0.47691
2025-09-27 17:22:40,012 - INFO - [347]	train-rmse:0.46589	valid-rmse:0.47696
2025-09-27 17:22:40,041 - INFO - Training fold 1/5...
2025-09-27 17:22:40,068 - INFO - [0]	train-rmse:0.48096	valid-rmse:0.48209
2025-09-27 17:22:40,141 - INFO - [50]	train-rmse:0.47734	valid-rmse:0.48071
2025-09-27 17:22:40,198 - INFO - [100]	train-rmse:0.47458	valid-rmse:0.47998
2025-09-27 17:22:40,308 - INFO - [150]	train-rmse:0.47226	valid-rmse:0.47954
2025-09-27 17:22:40,365 - INFO - [200]	train-rmse:0.47025	valid-rmse:0.47934
2025-09-27 17:22:40,427 - INFO - [250]	train-rmse:0.46839	valid-rmse:0.47921
2025-09-27 17:22:40,482 - INFO - [300]	train-rmse:0.46666	valid-rmse:0.47912
2025-09-27 17:22:40,537 - INFO - [350]	train-rmse:0.46500	valid-rmse:0.47906
2025-09-27 17:22:40,596 - INFO - [400]	train-rmse:0.46349	valid-rmse:0.47903
2025-09-27 17:22:40,623 - INFO - [423]	train-rmse:0.46279	valid-rmse:0.47901
2025-09-27 17:22:40,655 - INFO - Training fold 2/5...
2025-09-27 17:22:40,676 - INFO - [0]	train-rmse:0.48100	valid-rmse:0.48187
2025-09-27 17:22:40,739 - INFO - [50]	train-rmse:0.47734	valid-rmse:0.48032
2025-09-27 17:22:40,795 - INFO - [100]	train-rmse:0.47456	valid-rmse:0.47965
2025-09-27 17:22:40,851 - INFO - [150]	train-rmse:0.47230	valid-rmse:0.47924
2025-09-27 17:22:40,917 - INFO - [200]	train-rmse:0.47028	valid-rmse:0.47908
2025-09-27 17:22:40,983 - INFO - [250]	train-rmse:0.46851	valid-rmse:0.47905
2025-09-27 17:22:41,038 - INFO - [288]	train-rmse:0.46724	valid-rmse:0.47907
2025-09-27 17:22:41,061 - INFO - Training fold 3/5...
2025-09-27 17:22:41,084 - INFO - [0]	train-rmse:0.48107	valid-rmse:0.48168
2025-09-27 17:22:41,145 - INFO - [50]	train-rmse:0.47753	valid-rmse:0.47996
2025-09-27 17:22:41,216 - INFO - [100]	train-rmse:0.47479	valid-rmse:0.47896
2025-09-27 17:22:41,284 - INFO - [150]	train-rmse:0.47253	valid-rmse:0.47841
2025-09-27 17:22:41,393 - INFO - [200]	train-rmse:0.47055	valid-rmse:0.47797
2025-09-27 17:22:41,452 - INFO - [250]	train-rmse:0.46876	valid-rmse:0.47772
2025-09-27 17:22:41,518 - INFO - [300]	train-rmse:0.46708	valid-rmse:0.47761
2025-09-27 17:22:41,578 - INFO - [350]	train-rmse:0.46544	valid-rmse:0.47754
2025-09-27 17:22:41,638 - INFO - [400]	train-rmse:0.46388	valid-rmse:0.47754
2025-09-27 17:22:41,663 - INFO - [416]	train-rmse:0.46342	valid-rmse:0.47757
2025-09-27 17:22:41,696 - INFO - Training fold 4/5...
2025-09-27 17:22:41,720 - INFO - [0]	train-rmse:0.48131	valid-rmse:0.48070
2025-09-27 17:22:41,777 - INFO - [50]	train-rmse:0.47780	valid-rmse:0.47903
2025-09-27 17:22:41,845 - INFO - [100]	train-rmse:0.47510	valid-rmse:0.47816
2025-09-27 17:22:41,904 - INFO - [150]	train-rmse:0.47280	valid-rmse:0.47759
2025-09-27 17:22:41,963 - INFO - [200]	train-rmse:0.47082	valid-rmse:0.47734
2025-09-27 17:22:42,023 - INFO - [250]	train-rmse:0.46902	valid-rmse:0.47714
2025-09-27 17:22:42,082 - INFO - [300]	train-rmse:0.46739	valid-rmse:0.47699
2025-09-27 17:22:42,145 - INFO - [350]	train-rmse:0.46584	valid-rmse:0.47694
2025-09-27 17:22:42,206 - INFO - [400]	train-rmse:0.46436	valid-rmse:0.47688
2025-09-27 17:22:42,283 - INFO - [450]	train-rmse:0.46292	valid-rmse:0.47687
2025-09-27 17:22:42,341 - INFO - [494]	train-rmse:0.46168	valid-rmse:0.47688
2025-09-27 17:22:42,377 - INFO - Training fold 5/5...
2025-09-27 17:22:42,401 - INFO - [0]	train-rmse:0.48153	valid-rmse:0.47981
2025-09-27 17:22:42,469 - INFO - [50]	train-rmse:0.47791	valid-rmse:0.47835
2025-09-27 17:22:42,529 - INFO - [100]	train-rmse:0.47515	valid-rmse:0.47764
2025-09-27 17:22:42,588 - INFO - [150]	train-rmse:0.47292	valid-rmse:0.47721
2025-09-27 17:22:42,654 - INFO - [200]	train-rmse:0.47089	valid-rmse:0.47698
2025-09-27 17:22:42,714 - INFO - [250]	train-rmse:0.46908	valid-rmse:0.47684
2025-09-27 17:22:42,780 - INFO - [300]	train-rmse:0.46737	valid-rmse:0.47680
2025-09-27 17:22:42,821 - INFO - [330]	train-rmse:0.46639	valid-rmse:0.47684
2025-09-27 17:22:42,847 - INFO - Training fold 1/5...
2025-09-27 17:22:42,869 - INFO - [0]	train-rmse:0.48094	valid-rmse:0.48210
2025-09-27 17:22:42,934 - INFO - [50]	train-rmse:0.47734	valid-rmse:0.48064
2025-09-27 17:22:42,995 - INFO - [100]	train-rmse:0.47458	valid-rmse:0.47995
2025-09-27 17:22:43,056 - INFO - [150]	train-rmse:0.47229	valid-rmse:0.47956
2025-09-27 17:22:43,121 - INFO - [200]	train-rmse:0.47028	valid-rmse:0.47928
2025-09-27 17:22:43,178 - INFO - [250]	train-rmse:0.46838	valid-rmse:0.47924
2025-09-27 17:22:43,242 - INFO - [294]	train-rmse:0.46686	valid-rmse:0.47922
2025-09-27 17:22:43,264 - INFO - Training fold 2/5...
2025-09-27 17:22:43,286 - INFO - [0]	train-rmse:0.48101	valid-rmse:0.48184
2025-09-27 17:22:43,348 - INFO - [50]	train-rmse:0.47736	valid-rmse:0.48039
2025-09-27 17:22:43,416 - INFO - [100]	train-rmse:0.47459	valid-rmse:0.47964
2025-09-27 17:22:43,476 - INFO - [150]	train-rmse:0.47236	valid-rmse:0.47922
2025-09-27 17:22:43,584 - INFO - [200]	train-rmse:0.47042	valid-rmse:0.47900
2025-09-27 17:22:43,642 - INFO - [250]	train-rmse:0.46863	valid-rmse:0.47888
2025-09-27 17:22:43,710 - INFO - [300]	train-rmse:0.46695	valid-rmse:0.47888
2025-09-27 17:22:43,767 - INFO - [350]	train-rmse:0.46539	valid-rmse:0.47893
2025-09-27 17:22:43,774 - INFO - [355]	train-rmse:0.46522	valid-rmse:0.47893
2025-09-27 17:22:43,799 - INFO - Training fold 3/5...
2025-09-27 17:22:43,820 - INFO - [0]	train-rmse:0.48106	valid-rmse:0.48166
2025-09-27 17:22:43,884 - INFO - [50]	train-rmse:0.47747	valid-rmse:0.48004
2025-09-27 17:22:43,943 - INFO - [100]	train-rmse:0.47480	valid-rmse:0.47909
2025-09-27 17:22:44,003 - INFO - [150]	train-rmse:0.47256	valid-rmse:0.47848
2025-09-27 17:22:44,068 - INFO - [200]	train-rmse:0.47061	valid-rmse:0.47816
2025-09-27 17:22:44,124 - INFO - [250]	train-rmse:0.46880	valid-rmse:0.47792
2025-09-27 17:22:44,184 - INFO - [300]	train-rmse:0.46712	valid-rmse:0.47779
2025-09-27 17:22:44,243 - INFO - [350]	train-rmse:0.46558	valid-rmse:0.47772
2025-09-27 17:22:44,300 - INFO - [400]	train-rmse:0.46401	valid-rmse:0.47773
2025-09-27 17:22:44,308 - INFO - [408]	train-rmse:0.46377	valid-rmse:0.47772
2025-09-27 17:22:44,374 - INFO - Training fold 4/5...
2025-09-27 17:22:44,405 - INFO - [0]	train-rmse:0.48131	valid-rmse:0.48069
2025-09-27 17:22:44,481 - INFO - [50]	train-rmse:0.47777	valid-rmse:0.47906
2025-09-27 17:22:44,551 - INFO - [100]	train-rmse:0.47507	valid-rmse:0.47822
2025-09-27 17:22:44,617 - INFO - [150]	train-rmse:0.47278	valid-rmse:0.47768
2025-09-27 17:22:44,682 - INFO - [200]	train-rmse:0.47077	valid-rmse:0.47730
2025-09-27 17:22:44,741 - INFO - [250]	train-rmse:0.46899	valid-rmse:0.47717
2025-09-27 17:22:44,798 - INFO - [300]	train-rmse:0.46733	valid-rmse:0.47707
2025-09-27 17:22:44,861 - INFO - [350]	train-rmse:0.46573	valid-rmse:0.47701
2025-09-27 17:22:44,918 - INFO - [400]	train-rmse:0.46427	valid-rmse:0.47702
2025-09-27 17:22:44,987 - INFO - [450]	train-rmse:0.46279	valid-rmse:0.47701
2025-09-27 17:22:45,010 - INFO - [470]	train-rmse:0.46221	valid-rmse:0.47701
2025-09-27 17:22:45,043 - INFO - Training fold 5/5...
2025-09-27 17:22:45,063 - INFO - [0]	train-rmse:0.48153	valid-rmse:0.47980
2025-09-27 17:22:45,127 - INFO - [50]	train-rmse:0.47786	valid-rmse:0.47835
2025-09-27 17:22:45,189 - INFO - [100]	train-rmse:0.47517	valid-rmse:0.47771
2025-09-27 17:22:45,255 - INFO - [150]	train-rmse:0.47292	valid-rmse:0.47731
2025-09-27 17:22:45,324 - INFO - [200]	train-rmse:0.47093	valid-rmse:0.47717
2025-09-27 17:22:45,382 - INFO - [250]	train-rmse:0.46920	valid-rmse:0.47707
2025-09-27 17:22:45,446 - INFO - [300]	train-rmse:0.46753	valid-rmse:0.47695
2025-09-27 17:22:45,511 - INFO - [350]	train-rmse:0.46591	valid-rmse:0.47691
2025-09-27 17:22:45,570 - INFO - [400]	train-rmse:0.46434	valid-rmse:0.47689
2025-09-27 17:22:45,602 - INFO - [424]	train-rmse:0.46361	valid-rmse:0.47690
2025-09-27 17:22:45,634 - INFO - Training fold 1/5...
2025-09-27 17:22:45,655 - INFO - [0]	train-rmse:0.48096	valid-rmse:0.48211
2025-09-27 17:22:45,764 - INFO - [50]	train-rmse:0.47728	valid-rmse:0.48077
2025-09-27 17:22:45,819 - INFO - [100]	train-rmse:0.47452	valid-rmse:0.47994
2025-09-27 17:22:45,873 - INFO - [150]	train-rmse:0.47218	valid-rmse:0.47954
2025-09-27 17:22:45,936 - INFO - [200]	train-rmse:0.47023	valid-rmse:0.47932
2025-09-27 17:22:45,992 - INFO - [250]	train-rmse:0.46841	valid-rmse:0.47917
2025-09-27 17:22:46,061 - INFO - [300]	train-rmse:0.46662	valid-rmse:0.47919
2025-09-27 17:22:46,074 - INFO - [309]	train-rmse:0.46633	valid-rmse:0.47916
2025-09-27 17:22:46,096 - INFO - Training fold 2/5...
2025-09-27 17:22:46,121 - INFO - [0]	train-rmse:0.48101	valid-rmse:0.48186
2025-09-27 17:22:46,178 - INFO - [50]	train-rmse:0.47736	valid-rmse:0.48036
2025-09-27 17:22:46,243 - INFO - [100]	train-rmse:0.47460	valid-rmse:0.47959
2025-09-27 17:22:46,304 - INFO - [150]	train-rmse:0.47237	valid-rmse:0.47929
2025-09-27 17:22:46,363 - INFO - [200]	train-rmse:0.47039	valid-rmse:0.47911
2025-09-27 17:22:46,427 - INFO - [250]	train-rmse:0.46866	valid-rmse:0.47902
2025-09-27 17:22:46,477 - INFO - [300]	train-rmse:0.46702	valid-rmse:0.47893
2025-09-27 17:22:46,534 - INFO - [350]	train-rmse:0.46545	valid-rmse:0.47887
2025-09-27 17:22:46,588 - INFO - [400]	train-rmse:0.46392	valid-rmse:0.47898
2025-09-27 17:22:46,590 - INFO - [402]	train-rmse:0.46386	valid-rmse:0.47898
2025-09-27 17:22:46,617 - INFO - Training fold 3/5...
2025-09-27 17:22:46,641 - INFO - [0]	train-rmse:0.48106	valid-rmse:0.48166
2025-09-27 17:22:46,714 - INFO - [50]	train-rmse:0.47748	valid-rmse:0.47988
2025-09-27 17:22:46,765 - INFO - [100]	train-rmse:0.47472	valid-rmse:0.47888
2025-09-27 17:22:46,820 - INFO - [150]	train-rmse:0.47242	valid-rmse:0.47841
2025-09-27 17:22:46,887 - INFO - [200]	train-rmse:0.47048	valid-rmse:0.47810
2025-09-27 17:22:46,956 - INFO - [250]	train-rmse:0.46867	valid-rmse:0.47788
2025-09-27 17:22:47,026 - INFO - [300]	train-rmse:0.46703	valid-rmse:0.47780
2025-09-27 17:22:47,087 - INFO - [350]	train-rmse:0.46544	valid-rmse:0.47774
2025-09-27 17:22:47,147 - INFO - [400]	train-rmse:0.46399	valid-rmse:0.47770
2025-09-27 17:22:47,191 - INFO - [435]	train-rmse:0.46294	valid-rmse:0.47773
2025-09-27 17:22:47,224 - INFO - Training fold 4/5...
2025-09-27 17:22:47,244 - INFO - [0]	train-rmse:0.48130	valid-rmse:0.48068
2025-09-27 17:22:47,315 - INFO - [50]	train-rmse:0.47779	valid-rmse:0.47906
2025-09-27 17:22:47,378 - INFO - [100]	train-rmse:0.47505	valid-rmse:0.47819
2025-09-27 17:22:47,438 - INFO - [150]	train-rmse:0.47276	valid-rmse:0.47768
2025-09-27 17:22:47,505 - INFO - [200]	train-rmse:0.47082	valid-rmse:0.47739
2025-09-27 17:22:47,566 - INFO - [250]	train-rmse:0.46902	valid-rmse:0.47723
2025-09-27 17:22:47,635 - INFO - [300]	train-rmse:0.46743	valid-rmse:0.47711
2025-09-27 17:22:47,694 - INFO - [350]	train-rmse:0.46584	valid-rmse:0.47703
2025-09-27 17:22:47,754 - INFO - [400]	train-rmse:0.46435	valid-rmse:0.47694
2025-09-27 17:22:47,819 - INFO - [450]	train-rmse:0.46291	valid-rmse:0.47696
2025-09-27 17:22:47,855 - INFO - [482]	train-rmse:0.46203	valid-rmse:0.47701
2025-09-27 17:22:47,900 - INFO - Training fold 5/5...
2025-09-27 17:22:47,936 - INFO - [0]	train-rmse:0.48153	valid-rmse:0.47980
2025-09-27 17:22:48,007 - INFO - [50]	train-rmse:0.47784	valid-rmse:0.47837
2025-09-27 17:22:48,069 - INFO - [100]	train-rmse:0.47518	valid-rmse:0.47767
2025-09-27 17:22:48,135 - INFO - [150]	train-rmse:0.47292	valid-rmse:0.47736
2025-09-27 17:22:48,191 - INFO - [200]	train-rmse:0.47096	valid-rmse:0.47716
2025-09-27 17:22:48,254 - INFO - [250]	train-rmse:0.46911	valid-rmse:0.47704
2025-09-27 17:22:48,313 - INFO - [300]	train-rmse:0.46742	valid-rmse:0.47702
2025-09-27 17:22:48,371 - INFO - [350]	train-rmse:0.46587	valid-rmse:0.47707
2025-09-27 17:22:48,374 - INFO - [353]	train-rmse:0.46579	valid-rmse:0.47708
2025-09-27 17:22:48,408 - INFO - Training fold 1/5...
2025-09-27 17:22:48,475 - INFO - [0]	train-rmse:0.48096	valid-rmse:0.48209
2025-09-27 17:22:48,537 - INFO - [50]	train-rmse:0.47731	valid-rmse:0.48067
2025-09-27 17:22:48,605 - INFO - [100]	train-rmse:0.47455	valid-rmse:0.47990
2025-09-27 17:22:48,666 - INFO - [150]	train-rmse:0.47226	valid-rmse:0.47956
2025-09-27 17:22:48,729 - INFO - [200]	train-rmse:0.47021	valid-rmse:0.47929
2025-09-27 17:22:48,788 - INFO - [250]	train-rmse:0.46835	valid-rmse:0.47919
2025-09-27 17:22:48,861 - INFO - [300]	train-rmse:0.46662	valid-rmse:0.47910
2025-09-27 17:22:48,936 - INFO - [350]	train-rmse:0.46503	valid-rmse:0.47904
2025-09-27 17:22:48,998 - INFO - [400]	train-rmse:0.46353	valid-rmse:0.47903
2025-09-27 17:22:49,057 - INFO - [446]	train-rmse:0.46212	valid-rmse:0.47907
2025-09-27 17:22:49,091 - INFO - Training fold 2/5...
2025-09-27 17:22:49,113 - INFO - [0]	train-rmse:0.48101	valid-rmse:0.48186
2025-09-27 17:22:49,174 - INFO - [50]	train-rmse:0.47730	valid-rmse:0.48047
2025-09-27 17:22:49,241 - INFO - [100]	train-rmse:0.47455	valid-rmse:0.47984
2025-09-27 17:22:49,297 - INFO - [150]	train-rmse:0.47235	valid-rmse:0.47940
2025-09-27 17:22:49,360 - INFO - [200]	train-rmse:0.47041	valid-rmse:0.47916
2025-09-27 17:22:49,415 - INFO - [250]	train-rmse:0.46865	valid-rmse:0.47902
2025-09-27 17:22:49,467 - INFO - [300]	train-rmse:0.46697	valid-rmse:0.47903
2025-09-27 17:22:49,495 - INFO - [322]	train-rmse:0.46626	valid-rmse:0.47901
2025-09-27 17:22:49,524 - INFO - Training fold 3/5...
2025-09-27 17:22:49,545 - INFO - [0]	train-rmse:0.48106	valid-rmse:0.48166
2025-09-27 17:22:49,608 - INFO - [50]	train-rmse:0.47747	valid-rmse:0.47998
2025-09-27 17:22:49,680 - INFO - [100]	train-rmse:0.47475	valid-rmse:0.47913
2025-09-27 17:22:49,742 - INFO - [150]	train-rmse:0.47255	valid-rmse:0.47856
2025-09-27 17:22:49,800 - INFO - [200]	train-rmse:0.47055	valid-rmse:0.47825
2025-09-27 17:22:49,869 - INFO - [250]	train-rmse:0.46869	valid-rmse:0.47795
2025-09-27 17:22:49,922 - INFO - [300]	train-rmse:0.46697	valid-rmse:0.47779
2025-09-27 17:22:49,977 - INFO - [350]	train-rmse:0.46539	valid-rmse:0.47776
2025-09-27 17:22:50,032 - INFO - [400]	train-rmse:0.46385	valid-rmse:0.47778
2025-09-27 17:22:50,037 - INFO - [405]	train-rmse:0.46370	valid-rmse:0.47779
2025-09-27 17:22:50,064 - INFO - Training fold 4/5...
2025-09-27 17:22:50,093 - INFO - [0]	train-rmse:0.48131	valid-rmse:0.48070
2025-09-27 17:22:50,181 - INFO - [50]	train-rmse:0.47778	valid-rmse:0.47911
2025-09-27 17:22:50,231 - INFO - [100]	train-rmse:0.47508	valid-rmse:0.47828
2025-09-27 17:22:50,296 - INFO - [150]	train-rmse:0.47281	valid-rmse:0.47775
2025-09-27 17:22:50,352 - INFO - [200]	train-rmse:0.47081	valid-rmse:0.47745
2025-09-27 17:22:50,408 - INFO - [250]	train-rmse:0.46900	valid-rmse:0.47723
2025-09-27 17:22:50,477 - INFO - [300]	train-rmse:0.46729	valid-rmse:0.47705
2025-09-27 17:22:50,540 - INFO - [350]	train-rmse:0.46570	valid-rmse:0.47706
2025-09-27 17:22:50,541 - INFO - [351]	train-rmse:0.46567	valid-rmse:0.47707
2025-09-27 17:22:50,569 - INFO - Training fold 5/5...
2025-09-27 17:22:50,591 - INFO - [0]	train-rmse:0.48153	valid-rmse:0.47981
2025-09-27 17:22:50,660 - INFO - [50]	train-rmse:0.47788	valid-rmse:0.47834
2025-09-27 17:22:50,723 - INFO - [100]	train-rmse:0.47518	valid-rmse:0.47766
2025-09-27 17:22:50,790 - INFO - [150]	train-rmse:0.47291	valid-rmse:0.47724
2025-09-27 17:22:50,850 - INFO - [200]	train-rmse:0.47092	valid-rmse:0.47696
2025-09-27 17:22:50,910 - INFO - [250]	train-rmse:0.46917	valid-rmse:0.47688
2025-09-27 17:22:50,973 - INFO - [300]	train-rmse:0.46743	valid-rmse:0.47682
2025-09-27 17:22:51,037 - INFO - [350]	train-rmse:0.46586	valid-rmse:0.47675
2025-09-27 17:22:51,111 - INFO - [400]	train-rmse:0.46431	valid-rmse:0.47677
2025-09-27 17:22:51,146 - INFO - [429]	train-rmse:0.46348	valid-rmse:0.47676
2025-09-27 17:22:51,177 - INFO - Training fold 1/5...
2025-09-27 17:22:51,201 - INFO - [0]	train-rmse:0.48096	valid-rmse:0.48210
2025-09-27 17:22:51,275 - INFO - [50]	train-rmse:0.47737	valid-rmse:0.48075
2025-09-27 17:22:51,336 - INFO - [100]	train-rmse:0.47461	valid-rmse:0.48003
2025-09-27 17:22:51,407 - INFO - [150]	train-rmse:0.47232	valid-rmse:0.47961
2025-09-27 17:22:51,468 - INFO - [200]	train-rmse:0.47026	valid-rmse:0.47936
2025-09-27 17:22:51,528 - INFO - [250]	train-rmse:0.46849	valid-rmse:0.47924
2025-09-27 17:22:51,590 - INFO - [300]	train-rmse:0.46684	valid-rmse:0.47920
2025-09-27 17:22:51,649 - INFO - [350]	train-rmse:0.46523	valid-rmse:0.47920
2025-09-27 17:22:51,663 - INFO - [363]	train-rmse:0.46484	valid-rmse:0.47925
2025-09-27 17:22:51,697 - INFO - Training fold 2/5...
2025-09-27 17:22:51,720 - INFO - [0]	train-rmse:0.48101	valid-rmse:0.48186
2025-09-27 17:22:51,782 - INFO - [50]	train-rmse:0.47738	valid-rmse:0.48045
2025-09-27 17:22:51,844 - INFO - [100]	train-rmse:0.47462	valid-rmse:0.47974
2025-09-27 17:22:51,908 - INFO - [150]	train-rmse:0.47233	valid-rmse:0.47932
2025-09-27 17:22:51,965 - INFO - [200]	train-rmse:0.47035	valid-rmse:0.47916
2025-09-27 17:22:52,029 - INFO - [250]	train-rmse:0.46858	valid-rmse:0.47896
2025-09-27 17:22:52,088 - INFO - [300]	train-rmse:0.46688	valid-rmse:0.47896
2025-09-27 17:22:52,144 - INFO - [350]	train-rmse:0.46531	valid-rmse:0.47893
2025-09-27 17:22:52,182 - INFO - [378]	train-rmse:0.46444	valid-rmse:0.47893
2025-09-27 17:22:52,212 - INFO - Training fold 3/5...
2025-09-27 17:22:52,232 - INFO - [0]	train-rmse:0.48107	valid-rmse:0.48166
2025-09-27 17:22:52,359 - INFO - [50]	train-rmse:0.47756	valid-rmse:0.48001
2025-09-27 17:22:52,430 - INFO - [100]	train-rmse:0.47479	valid-rmse:0.47909
2025-09-27 17:22:52,504 - INFO - [150]	train-rmse:0.47254	valid-rmse:0.47849
2025-09-27 17:22:52,584 - INFO - [200]	train-rmse:0.47050	valid-rmse:0.47813
2025-09-27 17:22:52,661 - INFO - [250]	train-rmse:0.46868	valid-rmse:0.47789
2025-09-27 17:22:52,734 - INFO - [300]	train-rmse:0.46694	valid-rmse:0.47771
2025-09-27 17:22:52,851 - INFO - [350]	train-rmse:0.46532	valid-rmse:0.47769
2025-09-27 17:22:52,859 - INFO - [354]	train-rmse:0.46520	valid-rmse:0.47768
2025-09-27 17:22:52,885 - INFO - Training fold 4/5...
2025-09-27 17:22:52,908 - INFO - [0]	train-rmse:0.48131	valid-rmse:0.48069
2025-09-27 17:22:52,989 - INFO - [50]	train-rmse:0.47781	valid-rmse:0.47915
2025-09-27 17:22:53,064 - INFO - [100]	train-rmse:0.47510	valid-rmse:0.47825
2025-09-27 17:22:53,143 - INFO - [150]	train-rmse:0.47283	valid-rmse:0.47781
2025-09-27 17:22:53,211 - INFO - [200]	train-rmse:0.47081	valid-rmse:0.47753
2025-09-27 17:22:53,294 - INFO - [250]	train-rmse:0.46898	valid-rmse:0.47741
2025-09-27 17:22:53,369 - INFO - [300]	train-rmse:0.46731	valid-rmse:0.47731
2025-09-27 17:22:53,454 - INFO - [350]	train-rmse:0.46575	valid-rmse:0.47717
2025-09-27 17:22:53,531 - INFO - [400]	train-rmse:0.46427	valid-rmse:0.47712
2025-09-27 17:22:53,606 - INFO - [450]	train-rmse:0.46281	valid-rmse:0.47701
2025-09-27 17:22:53,681 - INFO - [500]	train-rmse:0.46148	valid-rmse:0.47701
2025-09-27 17:22:53,702 - INFO - [513]	train-rmse:0.46109	valid-rmse:0.47702
2025-09-27 17:22:53,753 - INFO - Training fold 5/5...
2025-09-27 17:22:53,775 - INFO - [0]	train-rmse:0.48152	valid-rmse:0.47982
2025-09-27 17:22:53,846 - INFO - [50]	train-rmse:0.47787	valid-rmse:0.47841
2025-09-27 17:22:53,922 - INFO - [100]	train-rmse:0.47513	valid-rmse:0.47781
2025-09-27 17:22:53,996 - INFO - [150]	train-rmse:0.47283	valid-rmse:0.47739
2025-09-27 17:22:54,076 - INFO - [200]	train-rmse:0.47081	valid-rmse:0.47713
2025-09-27 17:22:54,155 - INFO - [250]	train-rmse:0.46904	valid-rmse:0.47701
2025-09-27 17:22:54,236 - INFO - [300]	train-rmse:0.46735	valid-rmse:0.47689
2025-09-27 17:22:54,311 - INFO - [350]	train-rmse:0.46573	valid-rmse:0.47689
2025-09-27 17:22:54,385 - INFO - [400]	train-rmse:0.46428	valid-rmse:0.47694
2025-09-27 17:22:54,392 - INFO - [404]	train-rmse:0.46416	valid-rmse:0.47694
2025-09-27 17:22:54,425 - INFO - XGBoost CV RMSE:
2025-09-27 17:22:54,425 - INFO - 0.47789141159762805
2025-09-27 17:22:54,425 - INFO - Training RandomForest on full data...
2025-09-27 17:23:03,316 - INFO - Predictions saved to song-dataset/xgboost-ensemble.csv
2025-09-27 17:23:03,317 - INFO - Hyperparameters saved to song-dataset/xgboost-ensemble-params.txt
