2025-09-27 17:15:17,011 - INFO - Training fold 1/5...
2025-09-27 17:15:17,035 - INFO - [0]	train-rmse:0.48096	valid-rmse:0.48211
2025-09-27 17:15:17,090 - INFO - [50]	train-rmse:0.47734	valid-rmse:0.48073
2025-09-27 17:15:17,150 - INFO - [100]	train-rmse:0.47460	valid-rmse:0.47999
2025-09-27 17:15:17,235 - INFO - [150]	train-rmse:0.47226	valid-rmse:0.47954
2025-09-27 17:15:17,303 - INFO - [200]	train-rmse:0.47024	valid-rmse:0.47929
2025-09-27 17:15:17,358 - INFO - [250]	train-rmse:0.46844	valid-rmse:0.47908
2025-09-27 17:15:17,431 - INFO - [300]	train-rmse:0.46674	valid-rmse:0.47899
2025-09-27 17:15:17,530 - INFO - [350]	train-rmse:0.46508	valid-rmse:0.47896
2025-09-27 17:15:17,556 - INFO - [368]	train-rmse:0.46452	valid-rmse:0.47893
2025-09-27 17:15:17,582 - INFO - Training fold 2/5...
2025-09-27 17:15:17,605 - INFO - [0]	train-rmse:0.48102	valid-rmse:0.48186
2025-09-27 17:15:17,670 - INFO - [50]	train-rmse:0.47735	valid-rmse:0.48041
2025-09-27 17:15:17,733 - INFO - [100]	train-rmse:0.47464	valid-rmse:0.47968
2025-09-27 17:15:17,789 - INFO - [150]	train-rmse:0.47233	valid-rmse:0.47913
2025-09-27 17:15:17,854 - INFO - [200]	train-rmse:0.47033	valid-rmse:0.47901
2025-09-27 17:15:17,911 - INFO - [250]	train-rmse:0.46860	valid-rmse:0.47891
2025-09-27 17:15:17,960 - INFO - [300]	train-rmse:0.46692	valid-rmse:0.47890
2025-09-27 17:15:17,978 - INFO - [317]	train-rmse:0.46636	valid-rmse:0.47889
2025-09-27 17:15:18,002 - INFO - Training fold 3/5...
2025-09-27 17:15:18,024 - INFO - [0]	train-rmse:0.48107	valid-rmse:0.48167
2025-09-27 17:15:18,081 - INFO - [50]	train-rmse:0.47750	valid-rmse:0.48004
2025-09-27 17:15:18,139 - INFO - [100]	train-rmse:0.47481	valid-rmse:0.47911
2025-09-27 17:15:18,194 - INFO - [150]	train-rmse:0.47250	valid-rmse:0.47859
2025-09-27 17:15:18,248 - INFO - [200]	train-rmse:0.47056	valid-rmse:0.47821
2025-09-27 17:15:18,304 - INFO - [250]	train-rmse:0.46874	valid-rmse:0.47799
2025-09-27 17:15:18,371 - INFO - [300]	train-rmse:0.46709	valid-rmse:0.47788
2025-09-27 17:15:18,428 - INFO - [350]	train-rmse:0.46551	valid-rmse:0.47782
2025-09-27 17:15:18,487 - INFO - [398]	train-rmse:0.46404	valid-rmse:0.47784
2025-09-27 17:15:18,521 - INFO - Training fold 4/5...
2025-09-27 17:15:18,544 - INFO - [0]	train-rmse:0.48132	valid-rmse:0.48068
2025-09-27 17:15:18,596 - INFO - [50]	train-rmse:0.47779	valid-rmse:0.47906
2025-09-27 17:15:18,651 - INFO - [100]	train-rmse:0.47506	valid-rmse:0.47813
2025-09-27 17:15:18,710 - INFO - [150]	train-rmse:0.47274	valid-rmse:0.47759
2025-09-27 17:15:18,763 - INFO - [200]	train-rmse:0.47073	valid-rmse:0.47724
2025-09-27 17:15:18,814 - INFO - [250]	train-rmse:0.46889	valid-rmse:0.47707
2025-09-27 17:15:18,862 - INFO - [300]	train-rmse:0.46725	valid-rmse:0.47696
2025-09-27 17:15:18,928 - INFO - [350]	train-rmse:0.46566	valid-rmse:0.47698
2025-09-27 17:15:18,979 - INFO - [372]	train-rmse:0.46500	valid-rmse:0.47696
2025-09-27 17:15:19,012 - INFO - Training fold 5/5...
2025-09-27 17:15:19,036 - INFO - [0]	train-rmse:0.48153	valid-rmse:0.47982
2025-09-27 17:15:19,113 - INFO - [50]	train-rmse:0.47792	valid-rmse:0.47834
2025-09-27 17:15:19,194 - INFO - [100]	train-rmse:0.47511	valid-rmse:0.47757
2025-09-27 17:15:19,268 - INFO - [150]	train-rmse:0.47289	valid-rmse:0.47720
2025-09-27 17:15:19,337 - INFO - [200]	train-rmse:0.47094	valid-rmse:0.47705
2025-09-27 17:15:19,407 - INFO - [250]	train-rmse:0.46915	valid-rmse:0.47702
2025-09-27 17:15:19,468 - INFO - [300]	train-rmse:0.46748	valid-rmse:0.47694
2025-09-27 17:15:19,518 - INFO - [350]	train-rmse:0.46586	valid-rmse:0.47692
2025-09-27 17:15:19,528 - INFO - [357]	train-rmse:0.46565	valid-rmse:0.47694
2025-09-27 17:15:19,560 - INFO - Training fold 1/5...
2025-09-27 17:15:19,586 - INFO - [0]	train-rmse:0.48096	valid-rmse:0.48211
2025-09-27 17:15:19,655 - INFO - [50]	train-rmse:0.47736	valid-rmse:0.48070
2025-09-27 17:15:19,715 - INFO - [100]	train-rmse:0.47458	valid-rmse:0.48000
2025-09-27 17:15:19,773 - INFO - [150]	train-rmse:0.47230	valid-rmse:0.47964
2025-09-27 17:15:19,823 - INFO - [200]	train-rmse:0.47027	valid-rmse:0.47942
2025-09-27 17:15:19,883 - INFO - [250]	train-rmse:0.46840	valid-rmse:0.47933
2025-09-27 17:15:19,932 - INFO - [300]	train-rmse:0.46669	valid-rmse:0.47931
2025-09-27 17:15:19,985 - INFO - [350]	train-rmse:0.46512	valid-rmse:0.47925
2025-09-27 17:15:20,054 - INFO - [400]	train-rmse:0.46359	valid-rmse:0.47930
2025-09-27 17:15:20,074 - INFO - [416]	train-rmse:0.46312	valid-rmse:0.47930
2025-09-27 17:15:20,101 - INFO - Training fold 2/5...
2025-09-27 17:15:20,126 - INFO - [0]	train-rmse:0.48102	valid-rmse:0.48185
2025-09-27 17:15:20,184 - INFO - [50]	train-rmse:0.47730	valid-rmse:0.48044
2025-09-27 17:15:20,236 - INFO - [100]	train-rmse:0.47457	valid-rmse:0.47965
2025-09-27 17:15:20,292 - INFO - [150]	train-rmse:0.47232	valid-rmse:0.47924
2025-09-27 17:15:20,345 - INFO - [200]	train-rmse:0.47032	valid-rmse:0.47909
2025-09-27 17:15:20,395 - INFO - [250]	train-rmse:0.46846	valid-rmse:0.47909
2025-09-27 17:15:20,409 - INFO - [264]	train-rmse:0.46803	valid-rmse:0.47910
2025-09-27 17:15:20,434 - INFO - Training fold 3/5...
2025-09-27 17:15:20,458 - INFO - [0]	train-rmse:0.48106	valid-rmse:0.48168
2025-09-27 17:15:20,510 - INFO - [50]	train-rmse:0.47750	valid-rmse:0.47995
2025-09-27 17:15:20,585 - INFO - [100]	train-rmse:0.47480	valid-rmse:0.47892
2025-09-27 17:15:20,637 - INFO - [150]	train-rmse:0.47260	valid-rmse:0.47841
2025-09-27 17:15:20,688 - INFO - [200]	train-rmse:0.47056	valid-rmse:0.47801
2025-09-27 17:15:20,746 - INFO - [250]	train-rmse:0.46873	valid-rmse:0.47775
2025-09-27 17:15:20,798 - INFO - [300]	train-rmse:0.46700	valid-rmse:0.47765
2025-09-27 17:15:20,846 - INFO - [350]	train-rmse:0.46538	valid-rmse:0.47762
2025-09-27 17:15:20,899 - INFO - [400]	train-rmse:0.46394	valid-rmse:0.47759
2025-09-27 17:15:20,932 - INFO - [430]	train-rmse:0.46307	valid-rmse:0.47766
2025-09-27 17:15:20,962 - INFO - Training fold 4/5...
2025-09-27 17:15:20,985 - INFO - [0]	train-rmse:0.48131	valid-rmse:0.48068
2025-09-27 17:15:21,081 - INFO - [50]	train-rmse:0.47776	valid-rmse:0.47905
2025-09-27 17:15:21,133 - INFO - [100]	train-rmse:0.47502	valid-rmse:0.47815
2025-09-27 17:15:21,198 - INFO - [150]	train-rmse:0.47277	valid-rmse:0.47766
2025-09-27 17:15:21,260 - INFO - [200]	train-rmse:0.47076	valid-rmse:0.47735
2025-09-27 17:15:21,312 - INFO - [250]	train-rmse:0.46897	valid-rmse:0.47716
2025-09-27 17:15:21,374 - INFO - [300]	train-rmse:0.46728	valid-rmse:0.47703
2025-09-27 17:15:21,424 - INFO - [350]	train-rmse:0.46569	valid-rmse:0.47703
2025-09-27 17:15:21,440 - INFO - [364]	train-rmse:0.46526	valid-rmse:0.47702
2025-09-27 17:15:21,465 - INFO - Training fold 5/5...
2025-09-27 17:15:21,489 - INFO - [0]	train-rmse:0.48153	valid-rmse:0.47981
2025-09-27 17:15:21,547 - INFO - [50]	train-rmse:0.47788	valid-rmse:0.47842
2025-09-27 17:15:21,617 - INFO - [100]	train-rmse:0.47513	valid-rmse:0.47778
2025-09-27 17:15:21,690 - INFO - [150]	train-rmse:0.47286	valid-rmse:0.47736
2025-09-27 17:15:21,763 - INFO - [200]	train-rmse:0.47081	valid-rmse:0.47718
2025-09-27 17:15:21,846 - INFO - [250]	train-rmse:0.46899	valid-rmse:0.47702
2025-09-27 17:15:21,909 - INFO - [300]	train-rmse:0.46729	valid-rmse:0.47691
2025-09-27 17:15:21,976 - INFO - [350]	train-rmse:0.46569	valid-rmse:0.47690
2025-09-27 17:15:22,015 - INFO - [381]	train-rmse:0.46468	valid-rmse:0.47689
2025-09-27 17:15:22,046 - INFO - Training fold 1/5...
2025-09-27 17:15:22,070 - INFO - [0]	train-rmse:0.48096	valid-rmse:0.48210
2025-09-27 17:15:22,136 - INFO - [50]	train-rmse:0.47727	valid-rmse:0.48072
2025-09-27 17:15:22,203 - INFO - [100]	train-rmse:0.47449	valid-rmse:0.48001
2025-09-27 17:15:22,282 - INFO - [150]	train-rmse:0.47225	valid-rmse:0.47955
2025-09-27 17:15:22,351 - INFO - [200]	train-rmse:0.47020	valid-rmse:0.47937
2025-09-27 17:15:22,413 - INFO - [250]	train-rmse:0.46839	valid-rmse:0.47917
2025-09-27 17:15:22,477 - INFO - [300]	train-rmse:0.46667	valid-rmse:0.47918
2025-09-27 17:15:22,508 - INFO - [325]	train-rmse:0.46587	valid-rmse:0.47922
2025-09-27 17:15:22,531 - INFO - Training fold 2/5...
2025-09-27 17:15:22,557 - INFO - [0]	train-rmse:0.48102	valid-rmse:0.48186
2025-09-27 17:15:22,624 - INFO - [50]	train-rmse:0.47736	valid-rmse:0.48042
2025-09-27 17:15:22,689 - INFO - [100]	train-rmse:0.47462	valid-rmse:0.47968
2025-09-27 17:15:22,768 - INFO - [150]	train-rmse:0.47232	valid-rmse:0.47932
2025-09-27 17:15:22,830 - INFO - [200]	train-rmse:0.47035	valid-rmse:0.47907
2025-09-27 17:15:22,898 - INFO - [250]	train-rmse:0.46857	valid-rmse:0.47894
2025-09-27 17:15:22,963 - INFO - [300]	train-rmse:0.46694	valid-rmse:0.47889
2025-09-27 17:15:23,025 - INFO - [350]	train-rmse:0.46541	valid-rmse:0.47888
2025-09-27 17:15:23,055 - INFO - [371]	train-rmse:0.46481	valid-rmse:0.47891
2025-09-27 17:15:23,082 - INFO - Training fold 3/5...
2025-09-27 17:15:23,108 - INFO - [0]	train-rmse:0.48106	valid-rmse:0.48167
2025-09-27 17:15:23,168 - INFO - [50]	train-rmse:0.47742	valid-rmse:0.47997
2025-09-27 17:15:23,236 - INFO - [100]	train-rmse:0.47479	valid-rmse:0.47909
2025-09-27 17:15:23,295 - INFO - [150]	train-rmse:0.47252	valid-rmse:0.47851
2025-09-27 17:15:23,358 - INFO - [200]	train-rmse:0.47047	valid-rmse:0.47824
2025-09-27 17:15:23,415 - INFO - [250]	train-rmse:0.46864	valid-rmse:0.47808
2025-09-27 17:15:23,472 - INFO - [300]	train-rmse:0.46695	valid-rmse:0.47791
2025-09-27 17:15:23,535 - INFO - [350]	train-rmse:0.46538	valid-rmse:0.47783
2025-09-27 17:15:23,593 - INFO - [400]	train-rmse:0.46386	valid-rmse:0.47781
2025-09-27 17:15:23,649 - INFO - [448]	train-rmse:0.46244	valid-rmse:0.47794
2025-09-27 17:15:23,712 - INFO - Training fold 4/5...
2025-09-27 17:15:23,739 - INFO - [0]	train-rmse:0.48131	valid-rmse:0.48069
2025-09-27 17:15:23,815 - INFO - [50]	train-rmse:0.47776	valid-rmse:0.47915
2025-09-27 17:15:23,879 - INFO - [100]	train-rmse:0.47501	valid-rmse:0.47832
2025-09-27 17:15:23,938 - INFO - [150]	train-rmse:0.47267	valid-rmse:0.47787
2025-09-27 17:15:24,019 - INFO - [200]	train-rmse:0.47067	valid-rmse:0.47759
2025-09-27 17:15:24,079 - INFO - [250]	train-rmse:0.46890	valid-rmse:0.47729
2025-09-27 17:15:24,142 - INFO - [300]	train-rmse:0.46725	valid-rmse:0.47727
2025-09-27 17:15:24,163 - INFO - [318]	train-rmse:0.46668	valid-rmse:0.47725
2025-09-27 17:15:24,187 - INFO - Training fold 5/5...
2025-09-27 17:15:24,212 - INFO - [0]	train-rmse:0.48153	valid-rmse:0.47981
2025-09-27 17:15:24,274 - INFO - [50]	train-rmse:0.47787	valid-rmse:0.47830
2025-09-27 17:15:24,339 - INFO - [100]	train-rmse:0.47517	valid-rmse:0.47757
2025-09-27 17:15:24,402 - INFO - [150]	train-rmse:0.47288	valid-rmse:0.47728
2025-09-27 17:15:24,486 - INFO - [200]	train-rmse:0.47095	valid-rmse:0.47711
2025-09-27 17:15:24,551 - INFO - [250]	train-rmse:0.46914	valid-rmse:0.47700
2025-09-27 17:15:24,615 - INFO - [300]	train-rmse:0.46742	valid-rmse:0.47697
2025-09-27 17:15:24,677 - INFO - [350]	train-rmse:0.46580	valid-rmse:0.47697
2025-09-27 17:15:24,710 - INFO - [378]	train-rmse:0.46497	valid-rmse:0.47698
2025-09-27 17:15:24,740 - INFO - Training fold 1/5...
2025-09-27 17:15:24,763 - INFO - [0]	train-rmse:0.48095	valid-rmse:0.48210
2025-09-27 17:15:24,827 - INFO - [50]	train-rmse:0.47729	valid-rmse:0.48069
2025-09-27 17:15:24,884 - INFO - [100]	train-rmse:0.47459	valid-rmse:0.47994
2025-09-27 17:15:24,965 - INFO - [150]	train-rmse:0.47227	valid-rmse:0.47955
2025-09-27 17:15:25,030 - INFO - [200]	train-rmse:0.47020	valid-rmse:0.47933
2025-09-27 17:15:25,102 - INFO - [250]	train-rmse:0.46834	valid-rmse:0.47925
2025-09-27 17:15:25,167 - INFO - [300]	train-rmse:0.46664	valid-rmse:0.47921
2025-09-27 17:15:25,227 - INFO - [350]	train-rmse:0.46506	valid-rmse:0.47917
2025-09-27 17:15:25,283 - INFO - [400]	train-rmse:0.46347	valid-rmse:0.47916
2025-09-27 17:15:25,312 - INFO - [430]	train-rmse:0.46258	valid-rmse:0.47918
2025-09-27 17:15:25,342 - INFO - Training fold 2/5...
2025-09-27 17:15:25,363 - INFO - [0]	train-rmse:0.48102	valid-rmse:0.48186
2025-09-27 17:15:25,425 - INFO - [50]	train-rmse:0.47732	valid-rmse:0.48047
2025-09-27 17:15:25,475 - INFO - [100]	train-rmse:0.47456	valid-rmse:0.47975
2025-09-27 17:15:25,528 - INFO - [150]	train-rmse:0.47234	valid-rmse:0.47940
2025-09-27 17:15:25,584 - INFO - [200]	train-rmse:0.47037	valid-rmse:0.47924
2025-09-27 17:15:25,634 - INFO - [250]	train-rmse:0.46857	valid-rmse:0.47913
2025-09-27 17:15:25,689 - INFO - [300]	train-rmse:0.46690	valid-rmse:0.47909
2025-09-27 17:15:25,742 - INFO - [350]	train-rmse:0.46535	valid-rmse:0.47906
2025-09-27 17:15:25,784 - INFO - [392]	train-rmse:0.46406	valid-rmse:0.47911
2025-09-27 17:15:25,811 - INFO - Training fold 3/5...
2025-09-27 17:15:25,834 - INFO - [0]	train-rmse:0.48106	valid-rmse:0.48166
2025-09-27 17:15:25,893 - INFO - [50]	train-rmse:0.47749	valid-rmse:0.47988
2025-09-27 17:15:25,952 - INFO - [100]	train-rmse:0.47479	valid-rmse:0.47891
2025-09-27 17:15:26,035 - INFO - [150]	train-rmse:0.47256	valid-rmse:0.47838
2025-09-27 17:15:26,100 - INFO - [200]	train-rmse:0.47060	valid-rmse:0.47806
2025-09-27 17:15:26,169 - INFO - [250]	train-rmse:0.46879	valid-rmse:0.47783
2025-09-27 17:15:26,243 - INFO - [300]	train-rmse:0.46714	valid-rmse:0.47775
2025-09-27 17:15:26,301 - INFO - [350]	train-rmse:0.46553	valid-rmse:0.47772
2025-09-27 17:15:26,365 - INFO - [400]	train-rmse:0.46397	valid-rmse:0.47769
2025-09-27 17:15:26,396 - INFO - [425]	train-rmse:0.46323	valid-rmse:0.47770
2025-09-27 17:15:26,428 - INFO - Training fold 4/5...
2025-09-27 17:15:26,451 - INFO - [0]	train-rmse:0.48131	valid-rmse:0.48067
2025-09-27 17:15:26,517 - INFO - [50]	train-rmse:0.47779	valid-rmse:0.47909
2025-09-27 17:15:26,574 - INFO - [100]	train-rmse:0.47502	valid-rmse:0.47811
2025-09-27 17:15:26,648 - INFO - [150]	train-rmse:0.47275	valid-rmse:0.47768
2025-09-27 17:15:26,709 - INFO - [200]	train-rmse:0.47070	valid-rmse:0.47733
2025-09-27 17:15:26,761 - INFO - [250]	train-rmse:0.46891	valid-rmse:0.47716
2025-09-27 17:15:26,821 - INFO - [300]	train-rmse:0.46725	valid-rmse:0.47706
2025-09-27 17:15:26,876 - INFO - [350]	train-rmse:0.46565	valid-rmse:0.47701
2025-09-27 17:15:26,926 - INFO - [400]	train-rmse:0.46414	valid-rmse:0.47696
2025-09-27 17:15:26,982 - INFO - [450]	train-rmse:0.46266	valid-rmse:0.47693
2025-09-27 17:15:27,026 - INFO - [496]	train-rmse:0.46137	valid-rmse:0.47697
2025-09-27 17:15:27,060 - INFO - Training fold 5/5...
2025-09-27 17:15:27,081 - INFO - [0]	train-rmse:0.48153	valid-rmse:0.47980
2025-09-27 17:15:27,157 - INFO - [50]	train-rmse:0.47787	valid-rmse:0.47833
2025-09-27 17:15:27,212 - INFO - [100]	train-rmse:0.47515	valid-rmse:0.47756
2025-09-27 17:15:27,272 - INFO - [150]	train-rmse:0.47290	valid-rmse:0.47727
2025-09-27 17:15:27,324 - INFO - [200]	train-rmse:0.47085	valid-rmse:0.47705
2025-09-27 17:15:27,374 - INFO - [250]	train-rmse:0.46909	valid-rmse:0.47691
2025-09-27 17:15:27,431 - INFO - [300]	train-rmse:0.46739	valid-rmse:0.47682
2025-09-27 17:15:27,470 - INFO - [339]	train-rmse:0.46615	valid-rmse:0.47685
2025-09-27 17:15:27,495 - INFO - Training fold 1/5...
2025-09-27 17:15:27,517 - INFO - [0]	train-rmse:0.48096	valid-rmse:0.48212
2025-09-27 17:15:27,575 - INFO - [50]	train-rmse:0.47728	valid-rmse:0.48069
2025-09-27 17:15:27,627 - INFO - [100]	train-rmse:0.47456	valid-rmse:0.48008
2025-09-27 17:15:27,679 - INFO - [150]	train-rmse:0.47220	valid-rmse:0.47969
2025-09-27 17:15:27,737 - INFO - [200]	train-rmse:0.47019	valid-rmse:0.47951
2025-09-27 17:15:27,788 - INFO - [250]	train-rmse:0.46827	valid-rmse:0.47935
2025-09-27 17:15:27,837 - INFO - [300]	train-rmse:0.46659	valid-rmse:0.47933
2025-09-27 17:15:27,892 - INFO - [350]	train-rmse:0.46498	valid-rmse:0.47928
2025-09-27 17:15:27,940 - INFO - [397]	train-rmse:0.46349	valid-rmse:0.47931
2025-09-27 17:15:27,966 - INFO - Training fold 2/5...
2025-09-27 17:15:27,986 - INFO - [0]	train-rmse:0.48102	valid-rmse:0.48187
2025-09-27 17:15:28,041 - INFO - [50]	train-rmse:0.47730	valid-rmse:0.48048
2025-09-27 17:15:28,094 - INFO - [100]	train-rmse:0.47461	valid-rmse:0.47972
2025-09-27 17:15:28,151 - INFO - [150]	train-rmse:0.47231	valid-rmse:0.47932
2025-09-27 17:15:28,225 - INFO - [200]	train-rmse:0.47031	valid-rmse:0.47911
2025-09-27 17:15:28,276 - INFO - [250]	train-rmse:0.46851	valid-rmse:0.47900
2025-09-27 17:15:28,328 - INFO - [300]	train-rmse:0.46694	valid-rmse:0.47900
2025-09-27 17:15:28,329 - INFO - [301]	train-rmse:0.46691	valid-rmse:0.47901
2025-09-27 17:15:28,361 - INFO - Training fold 3/5...
2025-09-27 17:15:28,389 - INFO - [0]	train-rmse:0.48107	valid-rmse:0.48167
2025-09-27 17:15:28,464 - INFO - [50]	train-rmse:0.47747	valid-rmse:0.47993
2025-09-27 17:15:28,533 - INFO - [100]	train-rmse:0.47478	valid-rmse:0.47899
2025-09-27 17:15:28,596 - INFO - [150]	train-rmse:0.47251	valid-rmse:0.47840
2025-09-27 17:15:28,659 - INFO - [200]	train-rmse:0.47051	valid-rmse:0.47802
2025-09-27 17:15:28,723 - INFO - [250]	train-rmse:0.46866	valid-rmse:0.47770
2025-09-27 17:15:28,836 - INFO - [300]	train-rmse:0.46695	valid-rmse:0.47754
2025-09-27 17:15:28,906 - INFO - [350]	train-rmse:0.46531	valid-rmse:0.47752
2025-09-27 17:15:28,963 - INFO - [400]	train-rmse:0.46380	valid-rmse:0.47748
2025-09-27 17:15:29,031 - INFO - [450]	train-rmse:0.46240	valid-rmse:0.47751
2025-09-27 17:15:29,075 - INFO - [482]	train-rmse:0.46148	valid-rmse:0.47759
2025-09-27 17:15:29,108 - INFO - Training fold 4/5...
2025-09-27 17:15:29,131 - INFO - [0]	train-rmse:0.48132	valid-rmse:0.48069
2025-09-27 17:15:29,200 - INFO - [50]	train-rmse:0.47776	valid-rmse:0.47910
2025-09-27 17:15:29,268 - INFO - [100]	train-rmse:0.47501	valid-rmse:0.47816
2025-09-27 17:15:29,353 - INFO - [150]	train-rmse:0.47277	valid-rmse:0.47772
2025-09-27 17:15:29,418 - INFO - [200]	train-rmse:0.47069	valid-rmse:0.47738
2025-09-27 17:15:29,479 - INFO - [250]	train-rmse:0.46892	valid-rmse:0.47717
2025-09-27 17:15:29,541 - INFO - [300]	train-rmse:0.46724	valid-rmse:0.47713
2025-09-27 17:15:29,597 - INFO - [350]	train-rmse:0.46568	valid-rmse:0.47705
2025-09-27 17:15:29,664 - INFO - [400]	train-rmse:0.46413	valid-rmse:0.47703
2025-09-27 17:15:29,725 - INFO - [450]	train-rmse:0.46263	valid-rmse:0.47701
2025-09-27 17:15:29,797 - INFO - [500]	train-rmse:0.46127	valid-rmse:0.47708
2025-09-27 17:15:29,799 - INFO - [501]	train-rmse:0.46124	valid-rmse:0.47708
2025-09-27 17:15:29,833 - INFO - Training fold 5/5...
2025-09-27 17:15:29,857 - INFO - [0]	train-rmse:0.48154	valid-rmse:0.47981
2025-09-27 17:15:29,923 - INFO - [50]	train-rmse:0.47786	valid-rmse:0.47834
2025-09-27 17:15:29,990 - INFO - [100]	train-rmse:0.47519	valid-rmse:0.47759
2025-09-27 17:15:30,049 - INFO - [150]	train-rmse:0.47293	valid-rmse:0.47725
2025-09-27 17:15:30,114 - INFO - [200]	train-rmse:0.47091	valid-rmse:0.47706
2025-09-27 17:15:30,176 - INFO - [250]	train-rmse:0.46907	valid-rmse:0.47695
2025-09-27 17:15:30,234 - INFO - [300]	train-rmse:0.46739	valid-rmse:0.47691
2025-09-27 17:15:30,293 - INFO - [347]	train-rmse:0.46589	valid-rmse:0.47696
2025-09-27 17:15:30,318 - INFO - XGBoost CV RMSE:
2025-09-27 17:15:30,319 - INFO - 0.4779205256141434
2025-09-27 17:15:30,319 - INFO - Training RandomForest on full data...
2025-09-27 17:15:38,992 - INFO - Predictions saved to song-dataset/xgboost-ensemble.csv
2025-09-27 17:15:38,993 - INFO - Hyperparameters saved to song-dataset/xgboost-ensemble-params.txt
