2025-09-27 17:14:18,887 - INFO - Training fold 1/5...
2025-09-27 17:14:18,915 - INFO - [0]	train-rmse:0.48041	valid-rmse:0.48196
2025-09-27 17:14:19,007 - INFO - [50]	train-rmse:0.46148	valid-rmse:0.47951
2025-09-27 17:14:19,096 - INFO - [100]	train-rmse:0.44937	valid-rmse:0.47987
2025-09-27 17:14:19,126 - INFO - [117]	train-rmse:0.44565	valid-rmse:0.48020
2025-09-27 17:14:19,142 - INFO - Training fold 2/5...
2025-09-27 17:14:19,172 - INFO - [0]	train-rmse:0.48053	valid-rmse:0.48164
2025-09-27 17:14:19,267 - INFO - [50]	train-rmse:0.46214	valid-rmse:0.47947
2025-09-27 17:14:19,356 - INFO - [100]	train-rmse:0.44987	valid-rmse:0.48013
2025-09-27 17:14:19,362 - INFO - [102]	train-rmse:0.44947	valid-rmse:0.48009
2025-09-27 17:14:19,375 - INFO - Training fold 3/5...
2025-09-27 17:14:19,400 - INFO - [0]	train-rmse:0.48059	valid-rmse:0.48143
2025-09-27 17:14:19,468 - INFO - [50]	train-rmse:0.46192	valid-rmse:0.47835
2025-09-27 17:14:19,546 - INFO - [100]	train-rmse:0.44945	valid-rmse:0.47881
2025-09-27 17:14:19,575 - INFO - [119]	train-rmse:0.44512	valid-rmse:0.47921
2025-09-27 17:14:19,587 - INFO - Training fold 4/5...
2025-09-27 17:14:19,611 - INFO - [0]	train-rmse:0.48084	valid-rmse:0.48051
2025-09-27 17:14:19,689 - INFO - [50]	train-rmse:0.46278	valid-rmse:0.47796
2025-09-27 17:14:19,750 - INFO - [89]	train-rmse:0.45258	valid-rmse:0.47830
2025-09-27 17:14:19,761 - INFO - Training fold 5/5...
2025-09-27 17:14:19,785 - INFO - [0]	train-rmse:0.48103	valid-rmse:0.47971
2025-09-27 17:14:19,863 - INFO - [50]	train-rmse:0.46230	valid-rmse:0.47698
2025-09-27 17:14:19,927 - INFO - [100]	train-rmse:0.44984	valid-rmse:0.47737
2025-09-27 17:14:19,934 - INFO - [105]	train-rmse:0.44852	valid-rmse:0.47757
2025-09-27 17:14:19,945 - INFO - Training fold 1/5...
2025-09-27 17:14:19,969 - INFO - [0]	train-rmse:0.48047	valid-rmse:0.48193
2025-09-27 17:14:20,039 - INFO - [50]	train-rmse:0.46160	valid-rmse:0.47944
2025-09-27 17:14:20,099 - INFO - [97]	train-rmse:0.44955	valid-rmse:0.48031
2025-09-27 17:14:20,111 - INFO - Training fold 2/5...
2025-09-27 17:14:20,134 - INFO - [0]	train-rmse:0.48052	valid-rmse:0.48170
2025-09-27 17:14:20,201 - INFO - [50]	train-rmse:0.46123	valid-rmse:0.47957
2025-09-27 17:14:20,255 - INFO - [89]	train-rmse:0.45168	valid-rmse:0.47967
2025-09-27 17:14:20,266 - INFO - Training fold 3/5...
2025-09-27 17:14:20,288 - INFO - [0]	train-rmse:0.48052	valid-rmse:0.48155
2025-09-27 17:14:20,355 - INFO - [50]	train-rmse:0.46188	valid-rmse:0.47826
2025-09-27 17:14:20,424 - INFO - [100]	train-rmse:0.44915	valid-rmse:0.47886
2025-09-27 17:14:20,425 - INFO - [101]	train-rmse:0.44895	valid-rmse:0.47886
2025-09-27 17:14:20,436 - INFO - Training fold 4/5...
2025-09-27 17:14:20,459 - INFO - [0]	train-rmse:0.48083	valid-rmse:0.48049
2025-09-27 17:14:20,539 - INFO - [50]	train-rmse:0.46178	valid-rmse:0.47750
2025-09-27 17:14:20,604 - INFO - [97]	train-rmse:0.45078	valid-rmse:0.47804
2025-09-27 17:14:20,614 - INFO - Training fold 5/5...
2025-09-27 17:14:20,636 - INFO - [0]	train-rmse:0.48097	valid-rmse:0.47968
2025-09-27 17:14:20,702 - INFO - [50]	train-rmse:0.46227	valid-rmse:0.47735
2025-09-27 17:14:20,769 - INFO - [100]	train-rmse:0.45005	valid-rmse:0.47745
2025-09-27 17:14:20,786 - INFO - [112]	train-rmse:0.44744	valid-rmse:0.47765
2025-09-27 17:14:20,799 - INFO - Training fold 1/5...
2025-09-27 17:14:20,822 - INFO - [0]	train-rmse:0.48046	valid-rmse:0.48192
2025-09-27 17:14:20,890 - INFO - [50]	train-rmse:0.46111	valid-rmse:0.48012
2025-09-27 17:14:20,935 - INFO - [87]	train-rmse:0.45176	valid-rmse:0.48023
2025-09-27 17:14:20,944 - INFO - Training fold 2/5...
2025-09-27 17:14:20,965 - INFO - [0]	train-rmse:0.48052	valid-rmse:0.48171
2025-09-27 17:14:21,043 - INFO - [50]	train-rmse:0.46207	valid-rmse:0.47987
2025-09-27 17:14:21,111 - INFO - [100]	train-rmse:0.45000	valid-rmse:0.48060
2025-09-27 17:14:21,120 - INFO - [107]	train-rmse:0.44842	valid-rmse:0.48065
2025-09-27 17:14:21,131 - INFO - Training fold 3/5...
2025-09-27 17:14:21,154 - INFO - [0]	train-rmse:0.48054	valid-rmse:0.48154
2025-09-27 17:14:21,227 - INFO - [50]	train-rmse:0.46157	valid-rmse:0.47805
2025-09-27 17:14:21,288 - INFO - [100]	train-rmse:0.44900	valid-rmse:0.47811
2025-09-27 17:14:21,310 - INFO - [117]	train-rmse:0.44514	valid-rmse:0.47847
2025-09-27 17:14:21,325 - INFO - Training fold 4/5...
2025-09-27 17:14:21,349 - INFO - [0]	train-rmse:0.48082	valid-rmse:0.48053
2025-09-27 17:14:21,430 - INFO - [50]	train-rmse:0.46193	valid-rmse:0.47746
2025-09-27 17:14:21,486 - INFO - [94]	train-rmse:0.45156	valid-rmse:0.47772
2025-09-27 17:14:21,495 - INFO - Training fold 5/5...
2025-09-27 17:14:21,520 - INFO - [0]	train-rmse:0.48106	valid-rmse:0.47961
2025-09-27 17:14:21,607 - INFO - [50]	train-rmse:0.46203	valid-rmse:0.47714
2025-09-27 17:14:21,677 - INFO - [93]	train-rmse:0.45130	valid-rmse:0.47764
2025-09-27 17:14:21,692 - INFO - Training fold 1/5...
2025-09-27 17:14:21,717 - INFO - [0]	train-rmse:0.48040	valid-rmse:0.48186
2025-09-27 17:14:21,804 - INFO - [50]	train-rmse:0.46133	valid-rmse:0.47953
2025-09-27 17:14:21,870 - INFO - [99]	train-rmse:0.44970	valid-rmse:0.48036
2025-09-27 17:14:21,879 - INFO - Training fold 2/5...
2025-09-27 17:14:21,901 - INFO - [0]	train-rmse:0.48052	valid-rmse:0.48164
2025-09-27 17:14:21,970 - INFO - [50]	train-rmse:0.46209	valid-rmse:0.47963
2025-09-27 17:14:22,007 - INFO - [81]	train-rmse:0.45421	valid-rmse:0.47994
2025-09-27 17:14:22,015 - INFO - Training fold 3/5...
2025-09-27 17:14:22,037 - INFO - [0]	train-rmse:0.48051	valid-rmse:0.48148
2025-09-27 17:14:22,105 - INFO - [50]	train-rmse:0.46204	valid-rmse:0.47785
2025-09-27 17:14:22,171 - INFO - [100]	train-rmse:0.44999	valid-rmse:0.47801
2025-09-27 17:14:22,209 - INFO - [128]	train-rmse:0.44384	valid-rmse:0.47871
2025-09-27 17:14:22,224 - INFO - Training fold 4/5...
2025-09-27 17:14:22,248 - INFO - [0]	train-rmse:0.48078	valid-rmse:0.48043
2025-09-27 17:14:22,314 - INFO - [50]	train-rmse:0.46263	valid-rmse:0.47762
2025-09-27 17:14:22,362 - INFO - [86]	train-rmse:0.45357	valid-rmse:0.47793
2025-09-27 17:14:22,370 - INFO - Training fold 5/5...
2025-09-27 17:14:22,394 - INFO - [0]	train-rmse:0.48100	valid-rmse:0.47958
2025-09-27 17:14:22,542 - INFO - [50]	train-rmse:0.46208	valid-rmse:0.47784
2025-09-27 17:14:22,582 - INFO - [79]	train-rmse:0.45466	valid-rmse:0.47796
2025-09-27 17:14:22,591 - INFO - Training fold 1/5...
2025-09-27 17:14:22,613 - INFO - [0]	train-rmse:0.48046	valid-rmse:0.48204
2025-09-27 17:14:22,689 - INFO - [50]	train-rmse:0.46126	valid-rmse:0.47945
2025-09-27 17:14:22,759 - INFO - [94]	train-rmse:0.45028	valid-rmse:0.48023
2025-09-27 17:14:22,770 - INFO - Training fold 2/5...
2025-09-27 17:14:22,792 - INFO - [0]	train-rmse:0.48052	valid-rmse:0.48176
2025-09-27 17:14:22,863 - INFO - [50]	train-rmse:0.46185	valid-rmse:0.47933
2025-09-27 17:14:22,925 - INFO - [100]	train-rmse:0.44997	valid-rmse:0.47984
2025-09-27 17:14:22,938 - INFO - Training fold 3/5...
2025-09-27 17:14:22,962 - INFO - [0]	train-rmse:0.48058	valid-rmse:0.48148
2025-09-27 17:14:23,029 - INFO - [50]	train-rmse:0.46174	valid-rmse:0.47847
2025-09-27 17:14:23,088 - INFO - [97]	train-rmse:0.45000	valid-rmse:0.47921
2025-09-27 17:14:23,100 - INFO - Training fold 4/5...
2025-09-27 17:14:23,127 - INFO - [0]	train-rmse:0.48087	valid-rmse:0.48055
2025-09-27 17:14:23,202 - INFO - [50]	train-rmse:0.46180	valid-rmse:0.47780
2025-09-27 17:14:23,275 - INFO - [86]	train-rmse:0.45269	valid-rmse:0.47837
2025-09-27 17:14:23,287 - INFO - Training fold 5/5...
2025-09-27 17:14:23,313 - INFO - [0]	train-rmse:0.48110	valid-rmse:0.47967
2025-09-27 17:14:23,389 - INFO - [50]	train-rmse:0.46218	valid-rmse:0.47691
2025-09-27 17:14:23,447 - INFO - [94]	train-rmse:0.45130	valid-rmse:0.47777
2025-09-27 17:14:23,459 - INFO - XGBoost CV RMSE:
2025-09-27 17:14:23,459 - INFO - 0.4783886225831627
2025-09-27 17:14:23,459 - INFO - Training RandomForest on full data...
2025-09-27 17:14:32,165 - INFO - Predictions saved to song-dataset/xgboost-ensemble.csv
2025-09-27 17:14:32,166 - INFO - Hyperparameters saved to song-dataset/xgboost-ensemble-params.txt
